{"D:\\Kishanth\\Personal\\arishta\\Arista\\app\\assets\\images\\index.js": {"path":"D:\\Kishanth\\Personal\\arishta\\Arista\\app\\assets\\images\\index.js","statementMap":{},"fnMap":{},"branchMap":{},"s":{},"f":{},"b":{}}
,"D:\\Kishanth\\Personal\\arishta\\Arista\\app\\boot\\index.js": {"path":"D:\\Kishanth\\Personal\\arishta\\Arista\\app\\boot\\index.js","statementMap":{"0":{"start":{"line":26,"column":15},"end":{"line":26,"column":21}},"1":{"start":{"line":31,"column":8},"end":{"line":31,"column":21}},"2":{"start":{"line":32,"column":8},"end":{"line":34,"column":10}},"3":{"start":{"line":35,"column":8},"end":{"line":38,"column":10}},"4":{"start":{"line":39,"column":8},"end":{"line":42,"column":10}},"5":{"start":{"line":44,"column":8},"end":{"line":47,"column":10}},"6":{"start":{"line":49,"column":8},"end":{"line":52,"column":10}},"7":{"start":{"line":56,"column":8},"end":{"line":56,"column":72}},"8":{"start":{"line":60,"column":8},"end":{"line":60,"column":75}},"9":{"start":{"line":61,"column":8},"end":{"line":61,"column":46}},"10":{"start":{"line":62,"column":8},"end":{"line":62,"column":46}},"11":{"start":{"line":63,"column":8},"end":{"line":63,"column":47}},"12":{"start":{"line":64,"column":8},"end":{"line":64,"column":47}},"13":{"start":{"line":68,"column":28},"end":{"line":93,"column":5}},"14":{"start":{"line":69,"column":29},"end":{"line":69,"column":39}},"15":{"start":{"line":71,"column":8},"end":{"line":75,"column":9}},"16":{"start":{"line":72,"column":12},"end":{"line":74,"column":13}},"17":{"start":{"line":73,"column":16},"end":{"line":73,"column":47}},"18":{"start":{"line":77,"column":8},"end":{"line":77,"column":65}},"19":{"start":{"line":80,"column":8},"end":{"line":90,"column":9}},"20":{"start":{"line":85,"column":12},"end":{"line":85,"column":54}},"21":{"start":{"line":86,"column":12},"end":{"line":86,"column":37}},"22":{"start":{"line":87,"column":12},"end":{"line":89,"column":15}},"23":{"start":{"line":88,"column":16},"end":{"line":88,"column":63}},"24":{"start":{"line":92,"column":8},"end":{"line":92,"column":50}},"25":{"start":{"line":96,"column":35},"end":{"line":96,"column":36}},"26":{"start":{"line":97,"column":23},"end":{"line":97,"column":65}},"27":{"start":{"line":98,"column":34},"end":{"line":98,"column":40}},"28":{"start":{"line":99,"column":8},"end":{"line":99,"column":58}},"29":{"start":{"line":103,"column":34},"end":{"line":103,"column":40}},"30":{"start":{"line":104,"column":18},"end":{"line":104,"column":38}},"31":{"start":{"line":105,"column":8},"end":{"line":105,"column":54}},"32":{"start":{"line":109,"column":29},"end":{"line":109,"column":39}},"33":{"start":{"line":110,"column":8},"end":{"line":137,"column":10}},"34":{"start":{"line":126,"column":32},"end":{"line":130,"column":34}}},"fnMap":{"0":{"name":"(anonymous_0)","decl":{"start":{"line":30,"column":4},"end":{"line":30,"column":5}},"loc":{"start":{"line":30,"column":23},"end":{"line":53,"column":5}},"line":30},"1":{"name":"(anonymous_1)","decl":{"start":{"line":55,"column":4},"end":{"line":55,"column":5}},"loc":{"start":{"line":55,"column":24},"end":{"line":57,"column":5}},"line":55},"2":{"name":"(anonymous_2)","decl":{"start":{"line":59,"column":4},"end":{"line":59,"column":5}},"loc":{"start":{"line":59,"column":27},"end":{"line":66,"column":5}},"line":59},"3":{"name":"(anonymous_3)","decl":{"start":{"line":68,"column":28},"end":{"line":68,"column":29}},"loc":{"start":{"line":68,"column":46},"end":{"line":93,"column":5}},"line":68},"4":{"name":"(anonymous_4)","decl":{"start":{"line":87,"column":29},"end":{"line":87,"column":30}},"loc":{"start":{"line":87,"column":35},"end":{"line":89,"column":13}},"line":87},"5":{"name":"(anonymous_5)","decl":{"start":{"line":95,"column":4},"end":{"line":95,"column":5}},"loc":{"start":{"line":95,"column":24},"end":{"line":100,"column":5}},"line":95},"6":{"name":"(anonymous_6)","decl":{"start":{"line":102,"column":4},"end":{"line":102,"column":5}},"loc":{"start":{"line":102,"column":23},"end":{"line":106,"column":5}},"line":102},"7":{"name":"(anonymous_7)","decl":{"start":{"line":108,"column":4},"end":{"line":108,"column":5}},"loc":{"start":{"line":108,"column":13},"end":{"line":138,"column":5}},"line":108},"8":{"name":"(anonymous_8)","decl":{"start":{"line":125,"column":33},"end":{"line":125,"column":34}},"loc":{"start":{"line":125,"column":51},"end":{"line":131,"column":29}},"line":125}},"branchMap":{"0":{"loc":{"start":{"line":71,"column":8},"end":{"line":75,"column":9}},"type":"if","locations":[{"start":{"line":71,"column":8},"end":{"line":75,"column":9}},{"start":{"line":71,"column":8},"end":{"line":75,"column":9}}],"line":71},"1":{"loc":{"start":{"line":71,"column":12},"end":{"line":71,"column":78}},"type":"binary-expr","locations":[{"start":{"line":71,"column":12},"end":{"line":71,"column":49}},{"start":{"line":71,"column":53},"end":{"line":71,"column":78}}],"line":71},"2":{"loc":{"start":{"line":72,"column":12},"end":{"line":74,"column":13}},"type":"if","locations":[{"start":{"line":72,"column":12},"end":{"line":74,"column":13}},{"start":{"line":72,"column":12},"end":{"line":74,"column":13}}],"line":72},"3":{"loc":{"start":{"line":80,"column":8},"end":{"line":90,"column":9}},"type":"if","locations":[{"start":{"line":80,"column":8},"end":{"line":90,"column":9}},{"start":{"line":80,"column":8},"end":{"line":90,"column":9}}],"line":80},"4":{"loc":{"start":{"line":81,"column":12},"end":{"line":83,"column":40}},"type":"binary-expr","locations":[{"start":{"line":81,"column":12},"end":{"line":81,"column":46}},{"start":{"line":82,"column":15},"end":{"line":82,"column":43}},{"start":{"line":83,"column":15},"end":{"line":83,"column":40}}],"line":81},"5":{"loc":{"start":{"line":97,"column":23},"end":{"line":97,"column":65}},"type":"cond-expr","locations":[{"start":{"line":97,"column":40},"end":{"line":97,"column":61}},{"start":{"line":97,"column":64},"end":{"line":97,"column":65}}],"line":97}},"s":{"0":1,"1":7,"2":7,"3":7,"4":7,"5":7,"6":7,"7":8,"8":1,"9":1,"10":1,"11":1,"12":1,"13":7,"14":1,"15":1,"16":0,"17":0,"18":0,"19":0,"20":0,"21":0,"22":0,"23":0,"24":0,"25":1,"26":1,"27":1,"28":1,"29":1,"30":1,"31":1,"32":8,"33":8,"34":0},"f":{"0":7,"1":8,"2":1,"3":1,"4":0,"5":1,"6":1,"7":8,"8":0},"b":{"0":[0,0],"1":[1,0],"2":[0,0],"3":[0,0],"4":[0,0,0],"5":[0,1]},"_coverageSchema":"1a1c01bbd47fc00a2c39e90264f33305004495a9","hash":"ccdbd2868f8cf39175c7aa6933025f807ffbf83a"}
,"D:\\Kishanth\\Personal\\arishta\\Arista\\app\\components\\atoms\\index.js": {"path":"D:\\Kishanth\\Personal\\arishta\\Arista\\app\\components\\atoms\\index.js","statementMap":{},"fnMap":{},"branchMap":{},"s":{},"f":{},"b":{}}
,"D:\\Kishanth\\Personal\\arishta\\Arista\\app\\components\\atoms\\standardImage\\index.js": {"path":"D:\\Kishanth\\Personal\\arishta\\Arista\\app\\components\\atoms\\standardImage\\index.js","statementMap":{"0":{"start":{"line":10,"column":22},"end":{"line":13,"column":1}},"1":{"start":{"line":11,"column":23},"end":{"line":11,"column":28}},"2":{"start":{"line":12,"column":4},"end":{"line":12,"column":96}}},"fnMap":{"0":{"name":"(anonymous_0)","decl":{"start":{"line":10,"column":22},"end":{"line":10,"column":23}},"loc":{"start":{"line":10,"column":33},"end":{"line":13,"column":1}},"line":10}},"branchMap":{"0":{"loc":{"start":{"line":12,"column":11},"end":{"line":12,"column":95}},"type":"cond-expr","locations":[{"start":{"line":12,"column":46},"end":{"line":12,"column":72}},{"start":{"line":12,"column":75},"end":{"line":12,"column":95}}],"line":12}},"s":{"0":0,"1":0,"2":0},"f":{"0":0},"b":{"0":[0,0]}}
,"D:\\Kishanth\\Personal\\arishta\\Arista\\app\\components\\atoms\\standardText\\index.js": {"path":"D:\\Kishanth\\Personal\\arishta\\Arista\\app\\components\\atoms\\standardText\\index.js","statementMap":{"0":{"start":{"line":14,"column":21},"end":{"line":57,"column":1}},"1":{"start":{"line":19,"column":8},"end":{"line":19,"column":13}},"2":{"start":{"line":21,"column":16},"end":{"line":21,"column":20}},"3":{"start":{"line":23,"column":4},"end":{"line":30,"column":5}},"4":{"start":{"line":24,"column":8},"end":{"line":26,"column":9}},"5":{"start":{"line":25,"column":12},"end":{"line":25,"column":25}},"6":{"start":{"line":27,"column":8},"end":{"line":29,"column":9}},"7":{"start":{"line":28,"column":12},"end":{"line":28,"column":25}},"8":{"start":{"line":33,"column":8},"end":{"line":46,"column":15}},"9":{"start":{"line":49,"column":4},"end":{"line":49,"column":39}},"10":{"start":{"line":49,"column":21},"end":{"line":49,"column":39}},"11":{"start":{"line":52,"column":4},"end":{"line":56,"column":6}},"12":{"start":{"line":58,"column":0},"end":{"line":66,"column":2}},"13":{"start":{"line":68,"column":0},"end":{"line":76,"column":2}}},"fnMap":{"0":{"name":"(anonymous_0)","decl":{"start":{"line":14,"column":21},"end":{"line":14,"column":22}},"loc":{"start":{"line":14,"column":32},"end":{"line":57,"column":1}},"line":14}},"branchMap":{"0":{"loc":{"start":{"line":23,"column":4},"end":{"line":30,"column":5}},"type":"if","locations":[{"start":{"line":23,"column":4},"end":{"line":30,"column":5}},{"start":{"line":23,"column":4},"end":{"line":30,"column":5}}],"line":23},"1":{"loc":{"start":{"line":23,"column":8},"end":{"line":23,"column":22}},"type":"binary-expr","locations":[{"start":{"line":23,"column":8},"end":{"line":23,"column":13}},{"start":{"line":23,"column":17},"end":{"line":23,"column":22}}],"line":23},"2":{"loc":{"start":{"line":24,"column":8},"end":{"line":26,"column":9}},"type":"if","locations":[{"start":{"line":24,"column":8},"end":{"line":26,"column":9}},{"start":{"line":24,"column":8},"end":{"line":26,"column":9}}],"line":24},"3":{"loc":{"start":{"line":27,"column":8},"end":{"line":29,"column":9}},"type":"if","locations":[{"start":{"line":27,"column":8},"end":{"line":29,"column":9}},{"start":{"line":27,"column":8},"end":{"line":29,"column":9}}],"line":27},"4":{"loc":{"start":{"line":27,"column":12},"end":{"line":27,"column":61}},"type":"binary-expr","locations":[{"start":{"line":27,"column":12},"end":{"line":27,"column":28}},{"start":{"line":27,"column":32},"end":{"line":27,"column":61}}],"line":27},"5":{"loc":{"start":{"line":49,"column":4},"end":{"line":49,"column":39}},"type":"if","locations":[{"start":{"line":49,"column":4},"end":{"line":49,"column":39}},{"start":{"line":49,"column":4},"end":{"line":49,"column":39}}],"line":49}},"s":{"0":0,"1":0,"2":0,"3":0,"4":0,"5":0,"6":0,"7":0,"8":0,"9":0,"10":0,"11":0,"12":0,"13":0},"f":{"0":0},"b":{"0":[0,0],"1":[0,0],"2":[0,0],"3":[0,0],"4":[0,0],"5":[0,0]}}
,"D:\\Kishanth\\Personal\\arishta\\Arista\\app\\components\\atoms\\standardText\\styles.js": {"path":"D:\\Kishanth\\Personal\\arishta\\Arista\\app\\components\\atoms\\standardText\\styles.js","statementMap":{"0":{"start":{"line":19,"column":26},"end":{"line":21,"column":5}}},"fnMap":{"0":{"name":"(anonymous_0)","decl":{"start":{"line":19,"column":15},"end":{"line":19,"column":16}},"loc":{"start":{"line":19,"column":26},"end":{"line":21,"column":5}},"line":19}},"branchMap":{"0":{"loc":{"start":{"line":20,"column":20},"end":{"line":20,"column":54}},"type":"cond-expr","locations":[{"start":{"line":20,"column":30},"end":{"line":20,"column":36}},{"start":{"line":20,"column":39},"end":{"line":20,"column":54}}],"line":20}},"s":{"0":0},"f":{"0":0},"b":{"0":[0,0]}}
,"D:\\Kishanth\\Personal\\arishta\\Arista\\app\\components\\molecules\\index.js": {"path":"D:\\Kishanth\\Personal\\arishta\\Arista\\app\\components\\molecules\\index.js","statementMap":{},"fnMap":{},"branchMap":{},"s":{},"f":{},"b":{}}
,"D:\\Kishanth\\Personal\\arishta\\Arista\\app\\components\\organisms\\index.js": {"path":"D:\\Kishanth\\Personal\\arishta\\Arista\\app\\components\\organisms\\index.js","statementMap":{},"fnMap":{},"branchMap":{},"s":{},"f":{},"b":{},"_coverageSchema":"1a1c01bbd47fc00a2c39e90264f33305004495a9","hash":"82ae118acf7710a5b4f57be09eee5beb4fe2f918"}
,"D:\\Kishanth\\Personal\\arishta\\Arista\\app\\components\\pages\\index.js": {"path":"D:\\Kishanth\\Personal\\arishta\\Arista\\app\\components\\pages\\index.js","statementMap":{},"fnMap":{},"branchMap":{},"s":{},"f":{},"b":{}}
,"D:\\Kishanth\\Personal\\arishta\\Arista\\app\\components\\pages\\splashPage\\index.component.js": {"path":"D:\\Kishanth\\Personal\\arishta\\Arista\\app\\components\\pages\\splashPage\\index.component.js","statementMap":{"0":{"start":{"line":11,"column":8},"end":{"line":15,"column":9}}},"fnMap":{"0":{"name":"(anonymous_0)","decl":{"start":{"line":10,"column":4},"end":{"line":10,"column":5}},"loc":{"start":{"line":10,"column":13},"end":{"line":16,"column":5}},"line":10}},"branchMap":{},"s":{"0":0},"f":{"0":0},"b":{}}
,"D:\\Kishanth\\Personal\\arishta\\Arista\\app\\components\\templates\\index.js": {"path":"D:\\Kishanth\\Personal\\arishta\\Arista\\app\\components\\templates\\index.js","statementMap":{},"fnMap":{},"branchMap":{},"s":{},"f":{},"b":{}}
,"D:\\Kishanth\\Personal\\arishta\\Arista\\app\\mobx\\models\\customAmplifyStorage.js": {"path":"D:\\Kishanth\\Personal\\arishta\\Arista\\app\\mobx\\models\\customAmplifyStorage.js","statementMap":{"0":{"start":{"line":8,"column":26},"end":{"line":8,"column":39}},"1":{"start":{"line":9,"column":17},"end":{"line":9,"column":19}},"2":{"start":{"line":12,"column":25},"end":{"line":12,"column":29}},"3":{"start":{"line":18,"column":8},"end":{"line":18,"column":61}},"4":{"start":{"line":19,"column":8},"end":{"line":19,"column":32}},"5":{"start":{"line":20,"column":8},"end":{"line":20,"column":31}},"6":{"start":{"line":27,"column":8},"end":{"line":27,"column":99}},"7":{"start":{"line":34,"column":8},"end":{"line":34,"column":57}},"8":{"start":{"line":35,"column":8},"end":{"line":35,"column":38}},"9":{"start":{"line":42,"column":8},"end":{"line":42,"column":24}},"10":{"start":{"line":43,"column":8},"end":{"line":43,"column":26}},"11":{"start":{"line":50,"column":28},"end":{"line":65,"column":10}},"12":{"start":{"line":51,"column":12},"end":{"line":64,"column":15}},"13":{"start":{"line":52,"column":16},"end":{"line":52,"column":42}},"14":{"start":{"line":52,"column":29},"end":{"line":52,"column":42}},"15":{"start":{"line":53,"column":35},"end":{"line":53,"column":88}},"16":{"start":{"line":53,"column":54},"end":{"line":53,"column":87}},"17":{"start":{"line":54,"column":16},"end":{"line":63,"column":19}},"18":{"start":{"line":55,"column":20},"end":{"line":55,"column":38}},"19":{"start":{"line":55,"column":29},"end":{"line":55,"column":38}},"20":{"start":{"line":56,"column":20},"end":{"line":61,"column":23}},"21":{"start":{"line":57,"column":36},"end":{"line":57,"column":51}},"22":{"start":{"line":58,"column":38},"end":{"line":58,"column":53}},"23":{"start":{"line":59,"column":42},"end":{"line":59,"column":76}},"24":{"start":{"line":60,"column":24},"end":{"line":60,"column":54}},"25":{"start":{"line":62,"column":20},"end":{"line":62,"column":26}},"26":{"start":{"line":67,"column":8},"end":{"line":67,"column":27}}},"fnMap":{"0":{"name":"(anonymous_0)","decl":{"start":{"line":17,"column":4},"end":{"line":17,"column":5}},"loc":{"start":{"line":17,"column":31},"end":{"line":21,"column":5}},"line":17},"1":{"name":"(anonymous_1)","decl":{"start":{"line":26,"column":4},"end":{"line":26,"column":5}},"loc":{"start":{"line":26,"column":24},"end":{"line":28,"column":5}},"line":26},"2":{"name":"(anonymous_2)","decl":{"start":{"line":33,"column":4},"end":{"line":33,"column":5}},"loc":{"start":{"line":33,"column":27},"end":{"line":36,"column":5}},"line":33},"3":{"name":"(anonymous_3)","decl":{"start":{"line":41,"column":4},"end":{"line":41,"column":5}},"loc":{"start":{"line":41,"column":19},"end":{"line":44,"column":5}},"line":41},"4":{"name":"(anonymous_4)","decl":{"start":{"line":49,"column":4},"end":{"line":49,"column":5}},"loc":{"start":{"line":49,"column":18},"end":{"line":68,"column":5}},"line":49},"5":{"name":"(anonymous_5)","decl":{"start":{"line":50,"column":40},"end":{"line":50,"column":41}},"loc":{"start":{"line":50,"column":54},"end":{"line":65,"column":9}},"line":50},"6":{"name":"(anonymous_6)","decl":{"start":{"line":51,"column":36},"end":{"line":51,"column":37}},"loc":{"start":{"line":51,"column":55},"end":{"line":64,"column":13}},"line":51},"7":{"name":"(anonymous_7)","decl":{"start":{"line":53,"column":47},"end":{"line":53,"column":48}},"loc":{"start":{"line":53,"column":54},"end":{"line":53,"column":87}},"line":53},"8":{"name":"(anonymous_8)","decl":{"start":{"line":54,"column":50},"end":{"line":54,"column":51}},"loc":{"start":{"line":54,"column":67},"end":{"line":63,"column":17}},"line":54},"9":{"name":"(anonymous_9)","decl":{"start":{"line":56,"column":31},"end":{"line":56,"column":32}},"loc":{"start":{"line":56,"column":57},"end":{"line":61,"column":21}},"line":56}},"branchMap":{"0":{"loc":{"start":{"line":27,"column":15},"end":{"line":27,"column":98}},"type":"cond-expr","locations":[{"start":{"line":27,"column":71},"end":{"line":27,"column":86}},{"start":{"line":27,"column":89},"end":{"line":27,"column":98}}],"line":27},"1":{"loc":{"start":{"line":52,"column":16},"end":{"line":52,"column":42}},"type":"if","locations":[{"start":{"line":52,"column":16},"end":{"line":52,"column":42}},{"start":{"line":52,"column":16},"end":{"line":52,"column":42}}],"line":52},"2":{"loc":{"start":{"line":55,"column":20},"end":{"line":55,"column":38}},"type":"if","locations":[{"start":{"line":55,"column":20},"end":{"line":55,"column":38}},{"start":{"line":55,"column":20},"end":{"line":55,"column":38}}],"line":55}},"s":{"0":0,"1":0,"2":0,"3":0,"4":0,"5":0,"6":0,"7":0,"8":0,"9":0,"10":0,"11":0,"12":0,"13":0,"14":0,"15":0,"16":0,"17":0,"18":0,"19":0,"20":0,"21":0,"22":0,"23":0,"24":0,"25":0,"26":0},"f":{"0":0,"1":0,"2":0,"3":0,"4":0,"5":0,"6":0,"7":0,"8":0,"9":0},"b":{"0":[0,0],"1":[0,0],"2":[0,0]}}
,"D:\\Kishanth\\Personal\\arishta\\Arista\\app\\mobx\\stores\\index.js": {"path":"D:\\Kishanth\\Personal\\arishta\\Arista\\app\\mobx\\stores\\index.js","statementMap":{"0":{"start":{"line":18,"column":16},"end":{"line":21,"column":2}},"1":{"start":{"line":24,"column":4},"end":{"line":24,"column":38}},"2":{"start":{"line":27,"column":21},"end":{"line":27,"column":35}},"3":{"start":{"line":28,"column":26},"end":{"line":28,"column":45}},"4":{"start":{"line":32,"column":4},"end":{"line":34,"column":7}},"5":{"start":{"line":33,"column":8},"end":{"line":33,"column":51}},"6":{"start":{"line":37,"column":4},"end":{"line":40,"column":6}}},"fnMap":{"0":{"name":"(anonymous_0)","decl":{"start":{"line":23,"column":15},"end":{"line":23,"column":16}},"loc":{"start":{"line":23,"column":27},"end":{"line":41,"column":1}},"line":23},"1":{"name":"(anonymous_1)","decl":{"start":{"line":32,"column":49},"end":{"line":32,"column":50}},"loc":{"start":{"line":32,"column":61},"end":{"line":34,"column":5}},"line":32}},"branchMap":{},"s":{"0":1,"1":1,"2":1,"3":1,"4":1,"5":0,"6":1},"f":{"0":1,"1":0},"b":{},"_coverageSchema":"1a1c01bbd47fc00a2c39e90264f33305004495a9","hash":"d534149ad477e7c22b847af2d561fb894c66b55f"}
,"D:\\Kishanth\\Personal\\arishta\\Arista\\app\\mobx\\stores\\nav\\index.js": {"path":"D:\\Kishanth\\Personal\\arishta\\Arista\\app\\mobx\\stores\\nav\\index.js","statementMap":{"0":{"start":{"line":10,"column":29},"end":{"line":10,"column":33}},"1":{"start":{"line":12,"column":33},"end":{"line":12,"column":38}},"2":{"start":{"line":14,"column":35},"end":{"line":14,"column":40}},"3":{"start":{"line":16,"column":25},"end":{"line":16,"column":29}},"4":{"start":{"line":18,"column":42},"end":{"line":18,"column":47}},"5":{"start":{"line":20,"column":46},"end":{"line":20,"column":48}},"6":{"start":{"line":22,"column":31},"end":{"line":22,"column":35}},"7":{"start":{"line":25,"column":30},"end":{"line":25,"column":33}},"8":{"start":{"line":26,"column":35},"end":{"line":26,"column":79}},"9":{"start":{"line":26,"column":63},"end":{"line":26,"column":78}},"10":{"start":{"line":27,"column":8},"end":{"line":29,"column":9}},"11":{"start":{"line":28,"column":12},"end":{"line":28,"column":47}},"12":{"start":{"line":30,"column":8},"end":{"line":30,"column":30}},"13":{"start":{"line":34,"column":8},"end":{"line":34,"column":31}},"14":{"start":{"line":38,"column":8},"end":{"line":38,"column":39}},"15":{"start":{"line":42,"column":8},"end":{"line":42,"column":37}},"16":{"start":{"line":46,"column":8},"end":{"line":46,"column":33}},"17":{"start":{"line":50,"column":8},"end":{"line":50,"column":41}},"18":{"start":{"line":54,"column":8},"end":{"line":54,"column":29}},"19":{"start":{"line":58,"column":8},"end":{"line":58,"column":27}},"20":{"start":{"line":62,"column":8},"end":{"line":62,"column":37}},"21":{"start":{"line":66,"column":8},"end":{"line":66,"column":44}},"22":{"start":{"line":70,"column":8},"end":{"line":70,"column":49}},"23":{"start":{"line":74,"column":8},"end":{"line":74,"column":54}},"24":{"start":{"line":78,"column":8},"end":{"line":78,"column":48}},"25":{"start":{"line":82,"column":8},"end":{"line":82,"column":35}},"26":{"start":{"line":86,"column":8},"end":{"line":86,"column":33}},"27":{"start":{"line":90,"column":8},"end":{"line":90,"column":59}},"28":{"start":{"line":94,"column":8},"end":{"line":94,"column":42}},"29":{"start":{"line":98,"column":8},"end":{"line":98,"column":40}},"30":{"start":{"line":102,"column":8},"end":{"line":102,"column":38}}},"fnMap":{"0":{"name":"(anonymous_0)","decl":{"start":{"line":24,"column":4},"end":{"line":24,"column":5}},"loc":{"start":{"line":24,"column":31},"end":{"line":31,"column":5}},"line":24},"1":{"name":"(anonymous_1)","decl":{"start":{"line":26,"column":55},"end":{"line":26,"column":56}},"loc":{"start":{"line":26,"column":63},"end":{"line":26,"column":78}},"line":26},"2":{"name":"(anonymous_2)","decl":{"start":{"line":33,"column":4},"end":{"line":33,"column":5}},"loc":{"start":{"line":33,"column":20},"end":{"line":35,"column":5}},"line":33},"3":{"name":"(anonymous_3)","decl":{"start":{"line":37,"column":4},"end":{"line":37,"column":5}},"loc":{"start":{"line":37,"column":42},"end":{"line":39,"column":5}},"line":37},"4":{"name":"(anonymous_4)","decl":{"start":{"line":41,"column":4},"end":{"line":41,"column":5}},"loc":{"start":{"line":41,"column":34},"end":{"line":43,"column":5}},"line":41},"5":{"name":"(anonymous_5)","decl":{"start":{"line":45,"column":4},"end":{"line":45,"column":5}},"loc":{"start":{"line":45,"column":25},"end":{"line":47,"column":5}},"line":45},"6":{"name":"(anonymous_6)","decl":{"start":{"line":49,"column":4},"end":{"line":49,"column":5}},"loc":{"start":{"line":49,"column":42},"end":{"line":51,"column":5}},"line":49},"7":{"name":"(anonymous_7)","decl":{"start":{"line":53,"column":4},"end":{"line":53,"column":5}},"loc":{"start":{"line":53,"column":34},"end":{"line":55,"column":5}},"line":53},"8":{"name":"(anonymous_8)","decl":{"start":{"line":57,"column":4},"end":{"line":57,"column":5}},"loc":{"start":{"line":57,"column":23},"end":{"line":59,"column":5}},"line":57},"9":{"name":"(anonymous_9)","decl":{"start":{"line":61,"column":4},"end":{"line":61,"column":5}},"loc":{"start":{"line":61,"column":21},"end":{"line":63,"column":5}},"line":61},"10":{"name":"(anonymous_10)","decl":{"start":{"line":65,"column":4},"end":{"line":65,"column":5}},"loc":{"start":{"line":65,"column":26},"end":{"line":67,"column":5}},"line":65},"11":{"name":"(anonymous_11)","decl":{"start":{"line":69,"column":4},"end":{"line":69,"column":5}},"loc":{"start":{"line":69,"column":45},"end":{"line":71,"column":5}},"line":69},"12":{"name":"(anonymous_12)","decl":{"start":{"line":73,"column":4},"end":{"line":73,"column":5}},"loc":{"start":{"line":73,"column":55},"end":{"line":75,"column":5}},"line":73},"13":{"name":"(anonymous_13)","decl":{"start":{"line":77,"column":4},"end":{"line":77,"column":5}},"loc":{"start":{"line":77,"column":37},"end":{"line":79,"column":5}},"line":77},"14":{"name":"(anonymous_14)","decl":{"start":{"line":81,"column":4},"end":{"line":81,"column":5}},"loc":{"start":{"line":81,"column":36},"end":{"line":83,"column":5}},"line":81},"15":{"name":"(anonymous_15)","decl":{"start":{"line":85,"column":4},"end":{"line":85,"column":5}},"loc":{"start":{"line":85,"column":22},"end":{"line":87,"column":5}},"line":85},"16":{"name":"(anonymous_16)","decl":{"start":{"line":89,"column":4},"end":{"line":89,"column":5}},"loc":{"start":{"line":89,"column":60},"end":{"line":91,"column":5}},"line":89},"17":{"name":"(anonymous_17)","decl":{"start":{"line":93,"column":4},"end":{"line":93,"column":5}},"loc":{"start":{"line":93,"column":39},"end":{"line":95,"column":5}},"line":93},"18":{"name":"(anonymous_18)","decl":{"start":{"line":97,"column":4},"end":{"line":97,"column":5}},"loc":{"start":{"line":97,"column":41},"end":{"line":99,"column":5}},"line":97},"19":{"name":"(anonymous_19)","decl":{"start":{"line":101,"column":4},"end":{"line":101,"column":5}},"loc":{"start":{"line":101,"column":27},"end":{"line":103,"column":5}},"line":101}},"branchMap":{"0":{"loc":{"start":{"line":27,"column":8},"end":{"line":29,"column":9}},"type":"if","locations":[{"start":{"line":27,"column":8},"end":{"line":29,"column":9}},{"start":{"line":27,"column":8},"end":{"line":29,"column":9}}],"line":27}},"s":{"0":1,"1":1,"2":1,"3":1,"4":1,"5":1,"6":1,"7":0,"8":0,"9":0,"10":0,"11":0,"12":0,"13":0,"14":0,"15":0,"16":0,"17":0,"18":0,"19":0,"20":0,"21":0,"22":0,"23":0,"24":0,"25":0,"26":0,"27":0,"28":0,"29":0,"30":0},"f":{"0":0,"1":0,"2":0,"3":0,"4":0,"5":0,"6":0,"7":0,"8":0,"9":0,"10":0,"11":0,"12":0,"13":0,"14":0,"15":0,"16":0,"17":0,"18":0,"19":0},"b":{"0":[0,0]},"_coverageSchema":"1a1c01bbd47fc00a2c39e90264f33305004495a9","hash":"127f05ae4906d204e8bf1472b29635c934072baa"}
,"D:\\Kishanth\\Personal\\arishta\\Arista\\app\\mobx\\stores\\settings\\index.js": {"path":"D:\\Kishanth\\Personal\\arishta\\Arista\\app\\mobx\\stores\\settings\\index.js","statementMap":{"0":{"start":{"line":11,"column":51},"end":{"line":11,"column":56}},"1":{"start":{"line":13,"column":45},"end":{"line":13,"column":49}},"2":{"start":{"line":15,"column":40},"end":{"line":15,"column":44}},"3":{"start":{"line":17,"column":45},"end":{"line":17,"column":49}},"4":{"start":{"line":19,"column":48},"end":{"line":19,"column":50}},"5":{"start":{"line":21,"column":34},"end":{"line":21,"column":39}},"6":{"start":{"line":23,"column":33},"end":{"line":23,"column":34}},"7":{"start":{"line":25,"column":53},"end":{"line":25,"column":58}},"8":{"start":{"line":27,"column":57},"end":{"line":27,"column":62}},"9":{"start":{"line":30,"column":8},"end":{"line":30,"column":46}},"10":{"start":{"line":34,"column":8},"end":{"line":34,"column":37}},"11":{"start":{"line":38,"column":8},"end":{"line":38,"column":43}},"12":{"start":{"line":42,"column":8},"end":{"line":42,"column":44}},"13":{"start":{"line":46,"column":8},"end":{"line":46,"column":39}},"14":{"start":{"line":50,"column":8},"end":{"line":50,"column":38}},"15":{"start":{"line":54,"column":8},"end":{"line":54,"column":33}},"16":{"start":{"line":58,"column":8},"end":{"line":58,"column":33}},"17":{"start":{"line":62,"column":8},"end":{"line":62,"column":38}},"18":{"start":{"line":66,"column":8},"end":{"line":66,"column":38}},"19":{"start":{"line":70,"column":8},"end":{"line":70,"column":40}},"20":{"start":{"line":74,"column":8},"end":{"line":74,"column":38}},"21":{"start":{"line":75,"column":8},"end":{"line":75,"column":45}},"22":{"start":{"line":79,"column":8},"end":{"line":79,"column":36}},"23":{"start":{"line":83,"column":8},"end":{"line":83,"column":35}},"24":{"start":{"line":87,"column":8},"end":{"line":87,"column":46}},"25":{"start":{"line":91,"column":8},"end":{"line":91,"column":48}},"26":{"start":{"line":95,"column":8},"end":{"line":95,"column":50}},"27":{"start":{"line":99,"column":8},"end":{"line":99,"column":52}}},"fnMap":{"0":{"name":"(anonymous_0)","decl":{"start":{"line":29,"column":4},"end":{"line":29,"column":5}},"loc":{"start":{"line":29,"column":38},"end":{"line":31,"column":5}},"line":29},"1":{"name":"(anonymous_1)","decl":{"start":{"line":33,"column":4},"end":{"line":33,"column":5}},"loc":{"start":{"line":33,"column":20},"end":{"line":35,"column":5}},"line":33},"2":{"name":"(anonymous_2)","decl":{"start":{"line":37,"column":4},"end":{"line":37,"column":5}},"loc":{"start":{"line":37,"column":38},"end":{"line":39,"column":5}},"line":37},"3":{"name":"(anonymous_3)","decl":{"start":{"line":41,"column":4},"end":{"line":41,"column":5}},"loc":{"start":{"line":41,"column":32},"end":{"line":43,"column":5}},"line":41},"4":{"name":"(anonymous_4)","decl":{"start":{"line":45,"column":4},"end":{"line":45,"column":5}},"loc":{"start":{"line":45,"column":40},"end":{"line":47,"column":5}},"line":45},"5":{"name":"(anonymous_5)","decl":{"start":{"line":49,"column":4},"end":{"line":49,"column":5}},"loc":{"start":{"line":49,"column":35},"end":{"line":51,"column":5}},"line":49},"6":{"name":"(anonymous_6)","decl":{"start":{"line":53,"column":4},"end":{"line":53,"column":5}},"loc":{"start":{"line":53,"column":34},"end":{"line":55,"column":5}},"line":53},"7":{"name":"(anonymous_7)","decl":{"start":{"line":57,"column":4},"end":{"line":57,"column":5}},"loc":{"start":{"line":57,"column":30},"end":{"line":59,"column":5}},"line":57},"8":{"name":"(anonymous_8)","decl":{"start":{"line":61,"column":4},"end":{"line":61,"column":5}},"loc":{"start":{"line":61,"column":36},"end":{"line":63,"column":5}},"line":61},"9":{"name":"(anonymous_9)","decl":{"start":{"line":65,"column":4},"end":{"line":65,"column":5}},"loc":{"start":{"line":65,"column":37},"end":{"line":67,"column":5}},"line":65},"10":{"name":"(anonymous_10)","decl":{"start":{"line":69,"column":4},"end":{"line":69,"column":5}},"loc":{"start":{"line":69,"column":38},"end":{"line":71,"column":5}},"line":69},"11":{"name":"(anonymous_11)","decl":{"start":{"line":73,"column":4},"end":{"line":73,"column":5}},"loc":{"start":{"line":73,"column":58},"end":{"line":76,"column":5}},"line":73},"12":{"name":"(anonymous_12)","decl":{"start":{"line":78,"column":4},"end":{"line":78,"column":5}},"loc":{"start":{"line":78,"column":28},"end":{"line":80,"column":5}},"line":78},"13":{"name":"(anonymous_13)","decl":{"start":{"line":82,"column":4},"end":{"line":82,"column":5}},"loc":{"start":{"line":82,"column":28},"end":{"line":84,"column":5}},"line":82},"14":{"name":"(anonymous_14)","decl":{"start":{"line":86,"column":4},"end":{"line":86,"column":5}},"loc":{"start":{"line":86,"column":35},"end":{"line":88,"column":5}},"line":86},"15":{"name":"(anonymous_15)","decl":{"start":{"line":90,"column":4},"end":{"line":90,"column":5}},"loc":{"start":{"line":90,"column":49},"end":{"line":92,"column":5}},"line":90},"16":{"name":"(anonymous_16)","decl":{"start":{"line":94,"column":4},"end":{"line":94,"column":5}},"loc":{"start":{"line":94,"column":39},"end":{"line":96,"column":5}},"line":94},"17":{"name":"(anonymous_17)","decl":{"start":{"line":98,"column":4},"end":{"line":98,"column":5}},"loc":{"start":{"line":98,"column":53},"end":{"line":100,"column":5}},"line":98}},"branchMap":{"0":{"loc":{"start":{"line":34,"column":15},"end":{"line":34,"column":36}},"type":"binary-expr","locations":[{"start":{"line":34,"column":15},"end":{"line":34,"column":30}},{"start":{"line":34,"column":34},"end":{"line":34,"column":36}}],"line":34},"1":{"loc":{"start":{"line":38,"column":26},"end":{"line":38,"column":42}},"type":"binary-expr","locations":[{"start":{"line":38,"column":26},"end":{"line":38,"column":36}},{"start":{"line":38,"column":40},"end":{"line":38,"column":42}}],"line":38}},"s":{"0":1,"1":1,"2":1,"3":1,"4":1,"5":1,"6":1,"7":1,"8":1,"9":0,"10":0,"11":0,"12":0,"13":0,"14":0,"15":0,"16":0,"17":0,"18":0,"19":0,"20":2,"21":2,"22":0,"23":0,"24":0,"25":0,"26":0,"27":0},"f":{"0":0,"1":0,"2":0,"3":0,"4":0,"5":0,"6":0,"7":0,"8":0,"9":0,"10":0,"11":2,"12":0,"13":0,"14":0,"15":0,"16":0,"17":0},"b":{"0":[0,0],"1":[0,0]},"_coverageSchema":"1a1c01bbd47fc00a2c39e90264f33305004495a9","hash":"fc6034467b8ebf41d0b4337a64817b999367d871"}
,"D:\\Kishanth\\Personal\\arishta\\Arista\\app\\mobx\\utils\\routes.js": {"path":"D:\\Kishanth\\Personal\\arishta\\Arista\\app\\mobx\\utils\\routes.js","statementMap":{"0":{"start":{"line":26,"column":26},"end":{"line":29,"column":1}},"1":{"start":{"line":27,"column":18},"end":{"line":27,"column":22}},"2":{"start":{"line":31,"column":14},"end":{"line":51,"column":1}},"3":{"start":{"line":35,"column":41},"end":{"line":38,"column":13}},"4":{"start":{"line":53,"column":20},"end":{"line":55,"column":55}},"5":{"start":{"line":58,"column":24},"end":{"line":77,"column":1}},"6":{"start":{"line":64,"column":55},"end":{"line":66,"column":17}},"7":{"start":{"line":68,"column":16},"end":{"line":72,"column":18}},"8":{"start":{"line":79,"column":33},"end":{"line":79,"column":73}},"9":{"start":{"line":80,"column":42},"end":{"line":80,"column":90}},"10":{"start":{"line":82,"column":0},"end":{"line":99,"column":2}},"11":{"start":{"line":83,"column":4},"end":{"line":96,"column":5}},"12":{"start":{"line":90,"column":8},"end":{"line":90,"column":50}},"13":{"start":{"line":91,"column":11},"end":{"line":96,"column":5}},"14":{"start":{"line":95,"column":8},"end":{"line":95,"column":51}},"15":{"start":{"line":98,"column":4},"end":{"line":98,"column":51}}},"fnMap":{"0":{"name":"(anonymous_0)","decl":{"start":{"line":27,"column":12},"end":{"line":27,"column":13}},"loc":{"start":{"line":27,"column":18},"end":{"line":27,"column":22}},"line":27},"1":{"name":"(anonymous_1)","decl":{"start":{"line":35,"column":31},"end":{"line":35,"column":32}},"loc":{"start":{"line":35,"column":41},"end":{"line":38,"column":13}},"line":35},"2":{"name":"(anonymous_2)","decl":{"start":{"line":63,"column":31},"end":{"line":63,"column":32}},"loc":{"start":{"line":63,"column":42},"end":{"line":73,"column":13}},"line":63},"3":{"name":"(anonymous_3)","decl":{"start":{"line":82,"column":43},"end":{"line":82,"column":44}},"loc":{"start":{"line":82,"column":62},"end":{"line":99,"column":1}},"line":82}},"branchMap":{"0":{"loc":{"start":{"line":53,"column":20},"end":{"line":55,"column":55}},"type":"cond-expr","locations":[{"start":{"line":54,"column":6},"end":{"line":54,"column":25}},{"start":{"line":55,"column":6},"end":{"line":55,"column":55}}],"line":53},"1":{"loc":{"start":{"line":83,"column":4},"end":{"line":96,"column":5}},"type":"if","locations":[{"start":{"line":83,"column":4},"end":{"line":96,"column":5}},{"start":{"line":83,"column":4},"end":{"line":96,"column":5}}],"line":83},"2":{"loc":{"start":{"line":84,"column":8},"end":{"line":88,"column":53}},"type":"binary-expr","locations":[{"start":{"line":84,"column":9},"end":{"line":84,"column":14}},{"start":{"line":84,"column":18},"end":{"line":84,"column":60}},{"start":{"line":85,"column":11},"end":{"line":85,"column":57}},{"start":{"line":86,"column":11},"end":{"line":86,"column":52}},{"start":{"line":87,"column":12},"end":{"line":87,"column":61}},{"start":{"line":87,"column":65},"end":{"line":87,"column":80}},{"start":{"line":88,"column":11},"end":{"line":88,"column":53}}],"line":84},"3":{"loc":{"start":{"line":91,"column":11},"end":{"line":96,"column":5}},"type":"if","locations":[{"start":{"line":91,"column":11},"end":{"line":96,"column":5}},{"start":{"line":91,"column":11},"end":{"line":96,"column":5}}],"line":91},"4":{"loc":{"start":{"line":92,"column":8},"end":{"line":93,"column":82}},"type":"binary-expr","locations":[{"start":{"line":92,"column":8},"end":{"line":92,"column":50}},{"start":{"line":93,"column":12},"end":{"line":93,"column":61}},{"start":{"line":93,"column":65},"end":{"line":93,"column":81}}],"line":92}},"s":{"0":0,"1":0,"2":0,"3":0,"4":0,"5":0,"6":0,"7":0,"8":0,"9":0,"10":0,"11":0,"12":0,"13":0,"14":0,"15":0},"f":{"0":0,"1":0,"2":0,"3":0},"b":{"0":[0,0],"1":[0,0],"2":[0,0,0,0,0,0,0],"3":[0,0],"4":[0,0,0]}}
,"D:\\Kishanth\\Personal\\arishta\\Arista\\app\\services\\navigationService.js": {"path":"D:\\Kishanth\\Personal\\arishta\\Arista\\app\\services\\navigationService.js","statementMap":{"0":{"start":{"line":22,"column":30},"end":{"line":22,"column":31}},"1":{"start":{"line":25,"column":4},"end":{"line":25,"column":25}},"2":{"start":{"line":29,"column":4},"end":{"line":29,"column":23}},"3":{"start":{"line":30,"column":4},"end":{"line":30,"column":26}},"4":{"start":{"line":34,"column":4},"end":{"line":34,"column":36}},"5":{"start":{"line":35,"column":4},"end":{"line":35,"column":62}},"6":{"start":{"line":36,"column":4},"end":{"line":36,"column":54}},"7":{"start":{"line":40,"column":4},"end":{"line":43,"column":5}},"8":{"start":{"line":41,"column":8},"end":{"line":41,"column":29}},"9":{"start":{"line":42,"column":8},"end":{"line":42,"column":20}},"10":{"start":{"line":45,"column":4},"end":{"line":45,"column":17}},"11":{"start":{"line":49,"column":4},"end":{"line":49,"column":21}},"12":{"start":{"line":54,"column":4},"end":{"line":54,"column":30}},"13":{"start":{"line":55,"column":4},"end":{"line":55,"column":19}},"14":{"start":{"line":56,"column":4},"end":{"line":56,"column":25}},"15":{"start":{"line":60,"column":4},"end":{"line":60,"column":22}},"16":{"start":{"line":64,"column":4},"end":{"line":64,"column":18}},"17":{"start":{"line":89,"column":21},"end":{"line":89,"column":25}},"18":{"start":{"line":90,"column":20},"end":{"line":90,"column":25}},"19":{"start":{"line":92,"column":4},"end":{"line":94,"column":5}},"20":{"start":{"line":93,"column":8},"end":{"line":93,"column":20}},"21":{"start":{"line":96,"column":4},"end":{"line":137,"column":5}},"22":{"start":{"line":134,"column":12},"end":{"line":134,"column":28}},"23":{"start":{"line":136,"column":12},"end":{"line":136,"column":27}},"24":{"start":{"line":141,"column":4},"end":{"line":151,"column":5}},"25":{"start":{"line":148,"column":12},"end":{"line":148,"column":25}},"26":{"start":{"line":150,"column":12},"end":{"line":150,"column":24}},"27":{"start":{"line":207,"column":40},"end":{"line":207,"column":46}},"28":{"start":{"line":208,"column":4},"end":{"line":208,"column":44}},"29":{"start":{"line":210,"column":4},"end":{"line":216,"column":5}},"30":{"start":{"line":211,"column":8},"end":{"line":211,"column":46}},"31":{"start":{"line":212,"column":8},"end":{"line":212,"column":52}},"32":{"start":{"line":213,"column":8},"end":{"line":215,"column":9}},"33":{"start":{"line":214,"column":12},"end":{"line":214,"column":45}},"34":{"start":{"line":217,"column":4},"end":{"line":222,"column":6}},"35":{"start":{"line":226,"column":4},"end":{"line":226,"column":56}},"36":{"start":{"line":227,"column":4},"end":{"line":227,"column":58}},"37":{"start":{"line":228,"column":4},"end":{"line":228,"column":44}},"38":{"start":{"line":232,"column":40},"end":{"line":232,"column":46}},"39":{"start":{"line":233,"column":4},"end":{"line":233,"column":44}},"40":{"start":{"line":235,"column":4},"end":{"line":241,"column":5}},"41":{"start":{"line":236,"column":8},"end":{"line":236,"column":46}},"42":{"start":{"line":237,"column":8},"end":{"line":237,"column":52}},"43":{"start":{"line":238,"column":8},"end":{"line":240,"column":9}},"44":{"start":{"line":239,"column":12},"end":{"line":239,"column":45}},"45":{"start":{"line":242,"column":16},"end":{"line":242,"column":17}},"46":{"start":{"line":243,"column":18},"end":{"line":243,"column":20}},"47":{"start":{"line":245,"column":4},"end":{"line":259,"column":5}},"48":{"start":{"line":246,"column":8},"end":{"line":246,"column":18}},"49":{"start":{"line":247,"column":8},"end":{"line":253,"column":10}},"50":{"start":{"line":254,"column":11},"end":{"line":259,"column":5}},"51":{"start":{"line":255,"column":8},"end":{"line":255,"column":18}},"52":{"start":{"line":256,"column":8},"end":{"line":258,"column":10}},"53":{"start":{"line":261,"column":24},"end":{"line":264,"column":6}},"54":{"start":{"line":265,"column":4},"end":{"line":265,"column":37}},"55":{"start":{"line":269,"column":40},"end":{"line":269,"column":46}},"56":{"start":{"line":270,"column":19},"end":{"line":270,"column":28}},"57":{"start":{"line":271,"column":17},"end":{"line":271,"column":24}},"58":{"start":{"line":272,"column":19},"end":{"line":272,"column":28}},"59":{"start":{"line":273,"column":4},"end":{"line":273,"column":45}},"60":{"start":{"line":274,"column":4},"end":{"line":274,"column":37}},"61":{"start":{"line":275,"column":4},"end":{"line":275,"column":42}},"62":{"start":{"line":276,"column":4},"end":{"line":276,"column":46}},"63":{"start":{"line":278,"column":4},"end":{"line":278,"column":26}},"64":{"start":{"line":278,"column":19},"end":{"line":278,"column":26}},"65":{"start":{"line":280,"column":4},"end":{"line":284,"column":5}},"66":{"start":{"line":281,"column":8},"end":{"line":281,"column":49}},"67":{"start":{"line":283,"column":8},"end":{"line":283,"column":49}},"68":{"start":{"line":285,"column":36},"end":{"line":285,"column":42}},"69":{"start":{"line":286,"column":4},"end":{"line":286,"column":76}},"70":{"start":{"line":287,"column":4},"end":{"line":320,"column":5}},"71":{"start":{"line":288,"column":8},"end":{"line":316,"column":15}},"72":{"start":{"line":290,"column":16},"end":{"line":311,"column":17}},"73":{"start":{"line":291,"column":20},"end":{"line":291,"column":70}},"74":{"start":{"line":292,"column":20},"end":{"line":295,"column":21}},"75":{"start":{"line":293,"column":24},"end":{"line":293,"column":61}},"76":{"start":{"line":294,"column":24},"end":{"line":294,"column":60}},"77":{"start":{"line":297,"column":20},"end":{"line":309,"column":21}},"78":{"start":{"line":298,"column":24},"end":{"line":298,"column":90}},"79":{"start":{"line":299,"column":24},"end":{"line":302,"column":27}},"80":{"start":{"line":300,"column":28},"end":{"line":300,"column":74}},"81":{"start":{"line":301,"column":28},"end":{"line":301,"column":66}},"82":{"start":{"line":305,"column":24},"end":{"line":308,"column":27}},"83":{"start":{"line":306,"column":28},"end":{"line":306,"column":74}},"84":{"start":{"line":307,"column":28},"end":{"line":307,"column":66}},"85":{"start":{"line":314,"column":16},"end":{"line":314,"column":58}},"86":{"start":{"line":315,"column":16},"end":{"line":315,"column":54}},"87":{"start":{"line":318,"column":8},"end":{"line":318,"column":51}},"88":{"start":{"line":319,"column":8},"end":{"line":319,"column":46}},"89":{"start":{"line":324,"column":30},"end":{"line":324,"column":36}},"90":{"start":{"line":325,"column":4},"end":{"line":325,"column":44}},"91":{"start":{"line":327,"column":24},"end":{"line":330,"column":6}},"92":{"start":{"line":331,"column":4},"end":{"line":331,"column":37}},"93":{"start":{"line":335,"column":4},"end":{"line":335,"column":27}},"94":{"start":{"line":339,"column":4},"end":{"line":339,"column":25}},"95":{"start":{"line":343,"column":4},"end":{"line":343,"column":33}},"96":{"start":{"line":347,"column":4},"end":{"line":347,"column":29}},"97":{"start":{"line":351,"column":4},"end":{"line":351,"column":25}},"98":{"start":{"line":355,"column":4},"end":{"line":355,"column":21}},"99":{"start":{"line":359,"column":4},"end":{"line":361,"column":5}},"100":{"start":{"line":360,"column":8},"end":{"line":360,"column":20}},"101":{"start":{"line":362,"column":4},"end":{"line":362,"column":37}},"102":{"start":{"line":363,"column":4},"end":{"line":363,"column":17}},"103":{"start":{"line":367,"column":4},"end":{"line":367,"column":33}},"104":{"start":{"line":368,"column":4},"end":{"line":368,"column":32}},"105":{"start":{"line":369,"column":4},"end":{"line":369,"column":33}},"106":{"start":{"line":370,"column":4},"end":{"line":370,"column":36}},"107":{"start":{"line":371,"column":4},"end":{"line":371,"column":39}},"108":{"start":{"line":378,"column":4},"end":{"line":378,"column":37}},"109":{"start":{"line":378,"column":30},"end":{"line":378,"column":37}},"110":{"start":{"line":379,"column":4},"end":{"line":381,"column":7}},"111":{"start":{"line":380,"column":8},"end":{"line":380,"column":131}},"112":{"start":{"line":380,"column":78},"end":{"line":380,"column":129}},"113":{"start":{"line":385,"column":4},"end":{"line":385,"column":46}},"114":{"start":{"line":386,"column":4},"end":{"line":386,"column":37}},"115":{"start":{"line":386,"column":30},"end":{"line":386,"column":37}},"116":{"start":{"line":387,"column":4},"end":{"line":394,"column":5}},"117":{"start":{"line":388,"column":8},"end":{"line":391,"column":11}},"118":{"start":{"line":393,"column":8},"end":{"line":393,"column":86}},"119":{"start":{"line":393,"column":42},"end":{"line":393,"column":84}},"120":{"start":{"line":398,"column":30},"end":{"line":398,"column":36}},"121":{"start":{"line":403,"column":30},"end":{"line":403,"column":36}},"122":{"start":{"line":408,"column":4},"end":{"line":408,"column":56}},"123":{"start":{"line":412,"column":4},"end":{"line":419,"column":5}},"124":{"start":{"line":413,"column":26},"end":{"line":413,"column":37}},"125":{"start":{"line":414,"column":29},"end":{"line":414,"column":97}},"126":{"start":{"line":416,"column":30},"end":{"line":416,"column":48}},"127":{"start":{"line":418,"column":8},"end":{"line":418,"column":55}},"128":{"start":{"line":421,"column":4},"end":{"line":421,"column":16}}},"fnMap":{"0":{"name":"isAppInitiated","decl":{"start":{"line":24,"column":9},"end":{"line":24,"column":23}},"loc":{"start":{"line":24,"column":26},"end":{"line":26,"column":1}},"line":24},"1":{"name":"storeUpdating","decl":{"start":{"line":28,"column":9},"end":{"line":28,"column":22}},"loc":{"start":{"line":28,"column":25},"end":{"line":31,"column":1}},"line":28},"2":{"name":"storeUpdated","decl":{"start":{"line":33,"column":9},"end":{"line":33,"column":21}},"loc":{"start":{"line":33,"column":33},"end":{"line":37,"column":1}},"line":33},"3":{"name":"allStoresRehydrated","decl":{"start":{"line":39,"column":9},"end":{"line":39,"column":28}},"loc":{"start":{"line":39,"column":31},"end":{"line":46,"column":1}},"line":39},"4":{"name":"getAppState","decl":{"start":{"line":48,"column":9},"end":{"line":48,"column":20}},"loc":{"start":{"line":48,"column":23},"end":{"line":50,"column":1}},"line":48},"5":{"name":"setTopLevelNavigator","decl":{"start":{"line":52,"column":9},"end":{"line":52,"column":29}},"loc":{"start":{"line":52,"column":61},"end":{"line":57,"column":1}},"line":52},"6":{"name":"getNavigator","decl":{"start":{"line":59,"column":9},"end":{"line":59,"column":21}},"loc":{"start":{"line":59,"column":24},"end":{"line":61,"column":1}},"line":59},"7":{"name":"getStores","decl":{"start":{"line":63,"column":9},"end":{"line":63,"column":18}},"loc":{"start":{"line":63,"column":21},"end":{"line":65,"column":1}},"line":63},"8":{"name":"getDrawerPermissionFroScreen","decl":{"start":{"line":88,"column":9},"end":{"line":88,"column":37}},"loc":{"start":{"line":88,"column":49},"end":{"line":138,"column":1}},"line":88},"9":{"name":"showHeaderContent","decl":{"start":{"line":140,"column":9},"end":{"line":140,"column":26}},"loc":{"start":{"line":140,"column":38},"end":{"line":152,"column":1}},"line":140},"10":{"name":"navigateWithState","decl":{"start":{"line":206,"column":9},"end":{"line":206,"column":26}},"loc":{"start":{"line":206,"column":46},"end":{"line":223,"column":1}},"line":206},"11":{"name":"navigate","decl":{"start":{"line":225,"column":9},"end":{"line":225,"column":17}},"loc":{"start":{"line":225,"column":74},"end":{"line":266,"column":1}},"line":225},"12":{"name":"navigateDeepLink","decl":{"start":{"line":268,"column":9},"end":{"line":268,"column":25}},"loc":{"start":{"line":268,"column":62},"end":{"line":321,"column":1}},"line":268},"13":{"name":"(anonymous_13)","decl":{"start":{"line":289,"column":18},"end":{"line":289,"column":19}},"loc":{"start":{"line":289,"column":31},"end":{"line":312,"column":13}},"line":289},"14":{"name":"(anonymous_14)","decl":{"start":{"line":299,"column":91},"end":{"line":299,"column":92}},"loc":{"start":{"line":299,"column":100},"end":{"line":302,"column":25}},"line":299},"15":{"name":"(anonymous_15)","decl":{"start":{"line":305,"column":56},"end":{"line":305,"column":57}},"loc":{"start":{"line":305,"column":65},"end":{"line":308,"column":25}},"line":305},"16":{"name":"(anonymous_16)","decl":{"start":{"line":313,"column":19},"end":{"line":313,"column":20}},"loc":{"start":{"line":313,"column":28},"end":{"line":316,"column":13}},"line":313},"17":{"name":"reset","decl":{"start":{"line":323,"column":9},"end":{"line":323,"column":14}},"loc":{"start":{"line":323,"column":34},"end":{"line":332,"column":1}},"line":323},"18":{"name":"drawerOpenedState","decl":{"start":{"line":334,"column":9},"end":{"line":334,"column":26}},"loc":{"start":{"line":334,"column":35},"end":{"line":336,"column":1}},"line":334},"19":{"name":"isDrawerOpened","decl":{"start":{"line":338,"column":9},"end":{"line":338,"column":23}},"loc":{"start":{"line":338,"column":26},"end":{"line":340,"column":1}},"line":338},"20":{"name":"keyboardOpenedState","decl":{"start":{"line":342,"column":9},"end":{"line":342,"column":28}},"loc":{"start":{"line":342,"column":39},"end":{"line":344,"column":1}},"line":342},"21":{"name":"isKeyboardOpened","decl":{"start":{"line":346,"column":9},"end":{"line":346,"column":25}},"loc":{"start":{"line":346,"column":28},"end":{"line":348,"column":1}},"line":346},"22":{"name":"setScroll","decl":{"start":{"line":350,"column":9},"end":{"line":350,"column":18}},"loc":{"start":{"line":350,"column":29},"end":{"line":352,"column":1}},"line":350},"23":{"name":"getScroller","decl":{"start":{"line":354,"column":9},"end":{"line":354,"column":20}},"loc":{"start":{"line":354,"column":23},"end":{"line":356,"column":1}},"line":354},"24":{"name":"isConnected","decl":{"start":{"line":358,"column":9},"end":{"line":358,"column":20}},"loc":{"start":{"line":358,"column":23},"end":{"line":364,"column":1}},"line":358},"25":{"name":"clearStoresAndlogout","decl":{"start":{"line":366,"column":9},"end":{"line":366,"column":29}},"loc":{"start":{"line":366,"column":32},"end":{"line":372,"column":1}},"line":366},"26":{"name":"navigateExternalDeepLink","decl":{"start":{"line":377,"column":9},"end":{"line":377,"column":33}},"loc":{"start":{"line":377,"column":59},"end":{"line":382,"column":1}},"line":377},"27":{"name":"(anonymous_27)","decl":{"start":{"line":379,"column":32},"end":{"line":379,"column":33}},"loc":{"start":{"line":379,"column":38},"end":{"line":381,"column":5}},"line":379},"28":{"name":"(anonymous_28)","decl":{"start":{"line":380,"column":72},"end":{"line":380,"column":73}},"loc":{"start":{"line":380,"column":78},"end":{"line":380,"column":129}},"line":380},"29":{"name":"navigateWebLink","decl":{"start":{"line":384,"column":9},"end":{"line":384,"column":24}},"loc":{"start":{"line":384,"column":56},"end":{"line":395,"column":1}},"line":384},"30":{"name":"(anonymous_30)","decl":{"start":{"line":393,"column":36},"end":{"line":393,"column":37}},"loc":{"start":{"line":393,"column":42},"end":{"line":393,"column":84}},"line":393},"31":{"name":"navigatingToExternalApp","decl":{"start":{"line":397,"column":9},"end":{"line":397,"column":32}},"loc":{"start":{"line":397,"column":35},"end":{"line":400,"column":1}},"line":397},"32":{"name":"navigatedToExternalAppCompleted","decl":{"start":{"line":402,"column":9},"end":{"line":402,"column":40}},"loc":{"start":{"line":402,"column":43},"end":{"line":405,"column":1}},"line":402},"33":{"name":"getCurrentRouteName","decl":{"start":{"line":407,"column":9},"end":{"line":407,"column":28}},"loc":{"start":{"line":407,"column":31},"end":{"line":409,"column":1}},"line":407},"34":{"name":"checkDrawerPermissionForScreen","decl":{"start":{"line":411,"column":9},"end":{"line":411,"column":39}},"loc":{"start":{"line":411,"column":47},"end":{"line":422,"column":1}},"line":411}},"branchMap":{"0":{"loc":{"start":{"line":40,"column":4},"end":{"line":43,"column":5}},"type":"if","locations":[{"start":{"line":40,"column":4},"end":{"line":43,"column":5}},{"start":{"line":40,"column":4},"end":{"line":43,"column":5}}],"line":40},"1":{"loc":{"start":{"line":92,"column":4},"end":{"line":94,"column":5}},"type":"if","locations":[{"start":{"line":92,"column":4},"end":{"line":94,"column":5}},{"start":{"line":92,"column":4},"end":{"line":94,"column":5}}],"line":92},"2":{"loc":{"start":{"line":92,"column":8},"end":{"line":92,"column":38}},"type":"binary-expr","locations":[{"start":{"line":92,"column":8},"end":{"line":92,"column":18}},{"start":{"line":92,"column":22},"end":{"line":92,"column":38}}],"line":92},"3":{"loc":{"start":{"line":96,"column":4},"end":{"line":137,"column":5}},"type":"switch","locations":[{"start":{"line":97,"column":8},"end":{"line":97,"column":47}},{"start":{"line":98,"column":8},"end":{"line":98,"column":52}},{"start":{"line":99,"column":8},"end":{"line":99,"column":46}},{"start":{"line":100,"column":8},"end":{"line":100,"column":43}},{"start":{"line":101,"column":8},"end":{"line":101,"column":47}},{"start":{"line":102,"column":8},"end":{"line":102,"column":48}},{"start":{"line":103,"column":8},"end":{"line":103,"column":52}},{"start":{"line":104,"column":8},"end":{"line":104,"column":46}},{"start":{"line":105,"column":8},"end":{"line":105,"column":53}},{"start":{"line":106,"column":8},"end":{"line":106,"column":52}},{"start":{"line":107,"column":8},"end":{"line":107,"column":49}},{"start":{"line":108,"column":8},"end":{"line":108,"column":49}},{"start":{"line":109,"column":8},"end":{"line":109,"column":49}},{"start":{"line":110,"column":8},"end":{"line":110,"column":52}},{"start":{"line":111,"column":8},"end":{"line":111,"column":52}},{"start":{"line":112,"column":8},"end":{"line":112,"column":62}},{"start":{"line":113,"column":8},"end":{"line":113,"column":41}},{"start":{"line":114,"column":8},"end":{"line":114,"column":44}},{"start":{"line":115,"column":8},"end":{"line":115,"column":50}},{"start":{"line":116,"column":8},"end":{"line":116,"column":42}},{"start":{"line":117,"column":8},"end":{"line":117,"column":45}},{"start":{"line":118,"column":8},"end":{"line":118,"column":53}},{"start":{"line":119,"column":8},"end":{"line":119,"column":56}},{"start":{"line":120,"column":8},"end":{"line":120,"column":53}},{"start":{"line":121,"column":8},"end":{"line":121,"column":46}},{"start":{"line":122,"column":8},"end":{"line":122,"column":45}},{"start":{"line":123,"column":8},"end":{"line":123,"column":39}},{"start":{"line":124,"column":8},"end":{"line":124,"column":39}},{"start":{"line":125,"column":8},"end":{"line":125,"column":50}},{"start":{"line":126,"column":8},"end":{"line":126,"column":51}},{"start":{"line":127,"column":8},"end":{"line":127,"column":48}},{"start":{"line":128,"column":8},"end":{"line":128,"column":48}},{"start":{"line":129,"column":8},"end":{"line":129,"column":51}},{"start":{"line":130,"column":8},"end":{"line":130,"column":53}},{"start":{"line":131,"column":8},"end":{"line":131,"column":56}},{"start":{"line":132,"column":8},"end":{"line":132,"column":53}},{"start":{"line":133,"column":8},"end":{"line":134,"column":28}},{"start":{"line":135,"column":8},"end":{"line":136,"column":27}}],"line":96},"4":{"loc":{"start":{"line":141,"column":4},"end":{"line":151,"column":5}},"type":"switch","locations":[{"start":{"line":142,"column":8},"end":{"line":142,"column":39}},{"start":{"line":143,"column":8},"end":{"line":143,"column":47}},{"start":{"line":144,"column":8},"end":{"line":144,"column":50}},{"start":{"line":145,"column":8},"end":{"line":145,"column":39}},{"start":{"line":146,"column":8},"end":{"line":146,"column":48}},{"start":{"line":147,"column":8},"end":{"line":148,"column":25}},{"start":{"line":149,"column":8},"end":{"line":150,"column":24}}],"line":141},"5":{"loc":{"start":{"line":210,"column":4},"end":{"line":216,"column":5}},"type":"if","locations":[{"start":{"line":210,"column":4},"end":{"line":216,"column":5}},{"start":{"line":210,"column":4},"end":{"line":216,"column":5}}],"line":210},"6":{"loc":{"start":{"line":213,"column":8},"end":{"line":215,"column":9}},"type":"if","locations":[{"start":{"line":213,"column":8},"end":{"line":215,"column":9}},{"start":{"line":213,"column":8},"end":{"line":215,"column":9}}],"line":213},"7":{"loc":{"start":{"line":225,"column":55},"end":{"line":225,"column":72}},"type":"default-arg","locations":[{"start":{"line":225,"column":68},"end":{"line":225,"column":72}}],"line":225},"8":{"loc":{"start":{"line":235,"column":4},"end":{"line":241,"column":5}},"type":"if","locations":[{"start":{"line":235,"column":4},"end":{"line":241,"column":5}},{"start":{"line":235,"column":4},"end":{"line":241,"column":5}}],"line":235},"9":{"loc":{"start":{"line":238,"column":8},"end":{"line":240,"column":9}},"type":"if","locations":[{"start":{"line":238,"column":8},"end":{"line":240,"column":9}},{"start":{"line":238,"column":8},"end":{"line":240,"column":9}}],"line":238},"10":{"loc":{"start":{"line":245,"column":4},"end":{"line":259,"column":5}},"type":"if","locations":[{"start":{"line":245,"column":4},"end":{"line":259,"column":5}},{"start":{"line":245,"column":4},"end":{"line":259,"column":5}}],"line":245},"11":{"loc":{"start":{"line":245,"column":8},"end":{"line":245,"column":37}},"type":"binary-expr","locations":[{"start":{"line":245,"column":8},"end":{"line":245,"column":20}},{"start":{"line":245,"column":24},"end":{"line":245,"column":37}}],"line":245},"12":{"loc":{"start":{"line":254,"column":11},"end":{"line":259,"column":5}},"type":"if","locations":[{"start":{"line":254,"column":11},"end":{"line":259,"column":5}},{"start":{"line":254,"column":11},"end":{"line":259,"column":5}}],"line":254},"13":{"loc":{"start":{"line":254,"column":15},"end":{"line":254,"column":45}},"type":"binary-expr","locations":[{"start":{"line":254,"column":15},"end":{"line":254,"column":28}},{"start":{"line":254,"column":32},"end":{"line":254,"column":45}}],"line":254},"14":{"loc":{"start":{"line":268,"column":26},"end":{"line":268,"column":40}},"type":"default-arg","locations":[{"start":{"line":268,"column":38},"end":{"line":268,"column":40}}],"line":268},"15":{"loc":{"start":{"line":278,"column":4},"end":{"line":278,"column":26}},"type":"if","locations":[{"start":{"line":278,"column":4},"end":{"line":278,"column":26}},{"start":{"line":278,"column":4},"end":{"line":278,"column":26}}],"line":278},"16":{"loc":{"start":{"line":280,"column":4},"end":{"line":284,"column":5}},"type":"if","locations":[{"start":{"line":280,"column":4},"end":{"line":284,"column":5}},{"start":{"line":280,"column":4},"end":{"line":284,"column":5}}],"line":280},"17":{"loc":{"start":{"line":290,"column":16},"end":{"line":311,"column":17}},"type":"if","locations":[{"start":{"line":290,"column":16},"end":{"line":311,"column":17}},{"start":{"line":290,"column":16},"end":{"line":311,"column":17}}],"line":290},"18":{"loc":{"start":{"line":292,"column":20},"end":{"line":295,"column":21}},"type":"if","locations":[{"start":{"line":292,"column":20},"end":{"line":295,"column":21}},{"start":{"line":292,"column":20},"end":{"line":295,"column":21}}],"line":292},"19":{"loc":{"start":{"line":297,"column":20},"end":{"line":309,"column":21}},"type":"if","locations":[{"start":{"line":297,"column":20},"end":{"line":309,"column":21}},{"start":{"line":297,"column":20},"end":{"line":309,"column":21}}],"line":297},"20":{"loc":{"start":{"line":359,"column":4},"end":{"line":361,"column":5}},"type":"if","locations":[{"start":{"line":359,"column":4},"end":{"line":361,"column":5}},{"start":{"line":359,"column":4},"end":{"line":361,"column":5}}],"line":359},"21":{"loc":{"start":{"line":378,"column":4},"end":{"line":378,"column":37}},"type":"if","locations":[{"start":{"line":378,"column":4},"end":{"line":378,"column":37}},{"start":{"line":378,"column":4},"end":{"line":378,"column":37}}],"line":378},"22":{"loc":{"start":{"line":378,"column":8},"end":{"line":378,"column":28}},"type":"binary-expr","locations":[{"start":{"line":378,"column":8},"end":{"line":378,"column":13}},{"start":{"line":378,"column":17},"end":{"line":378,"column":28}}],"line":378},"23":{"loc":{"start":{"line":380,"column":40},"end":{"line":380,"column":63}},"type":"binary-expr","locations":[{"start":{"line":380,"column":40},"end":{"line":380,"column":57}},{"start":{"line":380,"column":61},"end":{"line":380,"column":63}}],"line":380},"24":{"loc":{"start":{"line":386,"column":4},"end":{"line":386,"column":37}},"type":"if","locations":[{"start":{"line":386,"column":4},"end":{"line":386,"column":37}},{"start":{"line":386,"column":4},"end":{"line":386,"column":37}}],"line":386},"25":{"loc":{"start":{"line":386,"column":8},"end":{"line":386,"column":28}},"type":"binary-expr","locations":[{"start":{"line":386,"column":8},"end":{"line":386,"column":13}},{"start":{"line":386,"column":17},"end":{"line":386,"column":28}}],"line":386},"26":{"loc":{"start":{"line":387,"column":4},"end":{"line":394,"column":5}},"type":"if","locations":[{"start":{"line":387,"column":4},"end":{"line":394,"column":5}},{"start":{"line":387,"column":4},"end":{"line":394,"column":5}}],"line":387},"27":{"loc":{"start":{"line":412,"column":4},"end":{"line":419,"column":5}},"type":"if","locations":[{"start":{"line":412,"column":4},"end":{"line":419,"column":5}},{"start":{"line":412,"column":4},"end":{"line":419,"column":5}}],"line":412},"28":{"loc":{"start":{"line":413,"column":26},"end":{"line":413,"column":37}},"type":"binary-expr","locations":[{"start":{"line":413,"column":26},"end":{"line":413,"column":31}},{"start":{"line":413,"column":35},"end":{"line":413,"column":37}}],"line":413},"29":{"loc":{"start":{"line":414,"column":29},"end":{"line":414,"column":97}},"type":"cond-expr","locations":[{"start":{"line":414,"column":71},"end":{"line":414,"column":90}},{"start":{"line":414,"column":93},"end":{"line":414,"column":97}}],"line":414},"30":{"loc":{"start":{"line":414,"column":29},"end":{"line":414,"column":68}},"type":"binary-expr","locations":[{"start":{"line":414,"column":29},"end":{"line":414,"column":41}},{"start":{"line":414,"column":45},"end":{"line":414,"column":68}}],"line":414},"31":{"loc":{"start":{"line":416,"column":30},"end":{"line":416,"column":48}},"type":"binary-expr","locations":[{"start":{"line":416,"column":30},"end":{"line":416,"column":42}},{"start":{"line":416,"column":46},"end":{"line":416,"column":48}}],"line":416}},"s":{"0":0,"1":0,"2":0,"3":0,"4":0,"5":0,"6":0,"7":0,"8":0,"9":0,"10":0,"11":0,"12":0,"13":0,"14":0,"15":0,"16":0,"17":0,"18":0,"19":0,"20":0,"21":0,"22":0,"23":0,"24":0,"25":0,"26":0,"27":0,"28":0,"29":0,"30":0,"31":0,"32":0,"33":0,"34":0,"35":0,"36":0,"37":0,"38":0,"39":0,"40":0,"41":0,"42":0,"43":0,"44":0,"45":0,"46":0,"47":0,"48":0,"49":0,"50":0,"51":0,"52":0,"53":0,"54":0,"55":0,"56":0,"57":0,"58":0,"59":0,"60":0,"61":0,"62":0,"63":0,"64":0,"65":0,"66":0,"67":0,"68":0,"69":0,"70":0,"71":0,"72":0,"73":0,"74":0,"75":0,"76":0,"77":0,"78":0,"79":0,"80":0,"81":0,"82":0,"83":0,"84":0,"85":0,"86":0,"87":0,"88":0,"89":0,"90":0,"91":0,"92":0,"93":0,"94":0,"95":0,"96":0,"97":0,"98":0,"99":0,"100":0,"101":0,"102":0,"103":0,"104":0,"105":0,"106":0,"107":0,"108":0,"109":0,"110":0,"111":0,"112":0,"113":0,"114":0,"115":0,"116":0,"117":0,"118":0,"119":0,"120":0,"121":0,"122":0,"123":0,"124":0,"125":0,"126":0,"127":0,"128":0},"f":{"0":0,"1":0,"2":0,"3":0,"4":0,"5":0,"6":0,"7":0,"8":0,"9":0,"10":0,"11":0,"12":0,"13":0,"14":0,"15":0,"16":0,"17":0,"18":0,"19":0,"20":0,"21":0,"22":0,"23":0,"24":0,"25":0,"26":0,"27":0,"28":0,"29":0,"30":0,"31":0,"32":0,"33":0,"34":0},"b":{"0":[0,0],"1":[0,0],"2":[0,0],"3":[0,0,0,0,0,0,0,0,0,0,0,0,0,0,0,0,0,0,0,0,0,0,0,0,0,0,0,0,0,0,0,0,0,0,0,0,0,0],"4":[0,0,0,0,0,0,0],"5":[0,0],"6":[0,0],"7":[0],"8":[0,0],"9":[0,0],"10":[0,0],"11":[0,0],"12":[0,0],"13":[0,0],"14":[0],"15":[0,0],"16":[0,0],"17":[0,0],"18":[0,0],"19":[0,0],"20":[0,0],"21":[0,0],"22":[0,0],"23":[0,0],"24":[0,0],"25":[0,0],"26":[0,0],"27":[0,0],"28":[0,0],"29":[0,0],"30":[0,0],"31":[0,0]}}
,"D:\\Kishanth\\Personal\\arishta\\Arista\\app\\services\\securityService.js": {"path":"D:\\Kishanth\\Personal\\arishta\\Arista\\app\\services\\securityService.js","statementMap":{},"fnMap":{},"branchMap":{},"s":{},"f":{},"b":{}}
,"D:\\Kishanth\\Personal\\arishta\\Arista\\app\\theme\\index.js": {"path":"D:\\Kishanth\\Personal\\arishta\\Arista\\app\\theme\\index.js","statementMap":{},"fnMap":{},"branchMap":{},"s":{},"f":{},"b":{}}
,"D:\\Kishanth\\Personal\\arishta\\Arista\\app\\theme\\colours\\commonColors.js": {"path":"D:\\Kishanth\\Personal\\arishta\\Arista\\app\\theme\\colours\\commonColors.js","statementMap":{"0":{"start":{"line":8,"column":27},"end":{"line":8,"column":52}},"1":{"start":{"line":9,"column":33},"end":{"line":9,"column":59}},"2":{"start":{"line":10,"column":27},"end":{"line":10,"column":48}},"3":{"start":{"line":12,"column":32},"end":{"line":12,"column":60}},"4":{"start":{"line":13,"column":35},"end":{"line":13,"column":60}},"5":{"start":{"line":14,"column":30},"end":{"line":14,"column":55}},"6":{"start":{"line":15,"column":38},"end":{"line":15,"column":59}},"7":{"start":{"line":16,"column":31},"end":{"line":16,"column":55}},"8":{"start":{"line":17,"column":33},"end":{"line":17,"column":61}},"9":{"start":{"line":18,"column":31},"end":{"line":18,"column":49}},"10":{"start":{"line":19,"column":37},"end":{"line":19,"column":67}},"11":{"start":{"line":20,"column":34},"end":{"line":20,"column":61}},"12":{"start":{"line":21,"column":28},"end":{"line":21,"column":56}},"13":{"start":{"line":22,"column":29},"end":{"line":22,"column":57}},"14":{"start":{"line":23,"column":40},"end":{"line":23,"column":69}},"15":{"start":{"line":24,"column":36},"end":{"line":24,"column":65}},"16":{"start":{"line":25,"column":44},"end":{"line":25,"column":81}},"17":{"start":{"line":27,"column":33},"end":{"line":27,"column":61}}},"fnMap":{},"branchMap":{},"s":{"0":0,"1":0,"2":0,"3":0,"4":0,"5":0,"6":0,"7":0,"8":0,"9":0,"10":0,"11":0,"12":0,"13":0,"14":0,"15":0,"16":0,"17":0},"f":{},"b":{}}
,"D:\\Kishanth\\Personal\\arishta\\Arista\\app\\theme\\colours\\index.js": {"path":"D:\\Kishanth\\Personal\\arishta\\Arista\\app\\theme\\colours\\index.js","statementMap":{},"fnMap":{},"branchMap":{},"s":{},"f":{},"b":{}}
,"D:\\Kishanth\\Personal\\arishta\\Arista\\app\\theme\\styles\\commonStyles.js": {"path":"D:\\Kishanth\\Personal\\arishta\\Arista\\app\\theme\\styles\\commonStyles.js","statementMap":{},"fnMap":{},"branchMap":{"0":{"loc":{"start":{"line":18,"column":25},"end":{"line":18,"column":71}},"type":"cond-expr","locations":[{"start":{"line":18,"column":53},"end":{"line":18,"column":59}},{"start":{"line":18,"column":62},"end":{"line":18,"column":71}}],"line":18},"1":{"loc":{"start":{"line":45,"column":18},"end":{"line":47,"column":37}},"type":"cond-expr","locations":[{"start":{"line":46,"column":14},"end":{"line":46,"column":35}},{"start":{"line":47,"column":14},"end":{"line":47,"column":37}}],"line":45}},"s":{},"f":{},"b":{"0":[0,0],"1":[0,0]}}
,"D:\\Kishanth\\Personal\\arishta\\Arista\\app\\utilities\\bgMessaging.js": {"path":"D:\\Kishanth\\Personal\\arishta\\Arista\\app\\utilities\\bgMessaging.js","statementMap":{"0":{"start":{"line":6,"column":27},"end":{"line":6,"column":44}}},"fnMap":{"0":{"name":"(anonymous_0)","decl":{"start":{"line":6,"column":15},"end":{"line":6,"column":16}},"loc":{"start":{"line":6,"column":27},"end":{"line":6,"column":44}},"line":6}},"branchMap":{},"s":{"0":0},"f":{"0":0},"b":{}}
,"D:\\Kishanth\\Personal\\arishta\\Arista\\app\\utilities\\helper.js": {"path":"D:\\Kishanth\\Personal\\arishta\\Arista\\app\\utilities\\helper.js","statementMap":{},"fnMap":{},"branchMap":{},"s":{},"f":{},"b":{}}
,"D:\\Kishanth\\Personal\\arishta\\Arista\\app\\utilities\\logger.js": {"path":"D:\\Kishanth\\Personal\\arishta\\Arista\\app\\utilities\\logger.js","statementMap":{"0":{"start":{"line":8,"column":15},"end":{"line":10,"column":2}}},"fnMap":{},"branchMap":{},"s":{"0":1},"f":{},"b":{},"_coverageSchema":"1a1c01bbd47fc00a2c39e90264f33305004495a9","hash":"aaf120fc0a933a3750b1219ffb5fbd844bc2215c"}
,"D:\\Kishanth\\Personal\\arishta\\Arista\\app\\utilities\\constants\\constants.js": {"path":"D:\\Kishanth\\Personal\\arishta\\Arista\\app\\utilities\\constants\\constants.js","statementMap":{"0":{"start":{"line":1,"column":26},"end":{"line":1,"column":37}},"1":{"start":{"line":3,"column":34},"end":{"line":10,"column":1}},"2":{"start":{"line":12,"column":31},"end":{"line":15,"column":1}},"3":{"start":{"line":18,"column":18},"end":{"line":18,"column":52}},"4":{"start":{"line":20,"column":35},"end":{"line":20,"column":38}},"5":{"start":{"line":21,"column":32},"end":{"line":21,"column":35}}},"fnMap":{},"branchMap":{},"s":{"0":1,"1":1,"2":1,"3":1,"4":1,"5":1},"f":{},"b":{},"_coverageSchema":"1a1c01bbd47fc00a2c39e90264f33305004495a9","hash":"cf0498e716534c380766b9708c89122c63c2d618"}
}
