TN:
SF:app\assets\images\index.js
FNF:0
FNH:0
LF:0
LH:0
BRF:0
BRH:0
end_of_record
TN:
SF:app\boot\index.js
FN:30,(anonymous_0)
FN:55,(anonymous_1)
FN:59,(anonymous_2)
FN:68,(anonymous_3)
FN:87,(anonymous_4)
FN:95,(anonymous_5)
FN:102,(anonymous_6)
FN:108,(anonymous_7)
FN:125,(anonymous_8)
FNF:9
FNH:7
FNDA:7,(anonymous_0)
FNDA:8,(anonymous_1)
FNDA:1,(anonymous_2)
FNDA:1,(anonymous_3)
FNDA:0,(anonymous_4)
FNDA:1,(anonymous_5)
FNDA:1,(anonymous_6)
FNDA:8,(anonymous_7)
FNDA:0,(anonymous_8)
DA:26,1
DA:31,7
DA:32,7
DA:35,7
DA:39,7
DA:44,7
DA:49,7
DA:56,8
DA:60,1
DA:61,1
DA:62,1
DA:63,1
DA:64,1
DA:68,7
DA:69,1
DA:71,1
DA:72,0
DA:73,0
DA:77,0
DA:80,0
DA:85,0
DA:86,0
DA:87,0
DA:88,0
DA:92,0
DA:96,1
DA:97,1
DA:98,1
DA:99,1
DA:103,1
DA:104,1
DA:105,1
DA:109,8
DA:110,8
DA:126,0
LF:35
LH:25
BRDA:71,0,0,0
BRDA:71,0,1,0
BRDA:71,1,0,1
BRDA:71,1,1,0
BRDA:72,2,0,0
BRDA:72,2,1,0
BRDA:80,3,0,0
BRDA:80,3,1,0
BRDA:81,4,0,0
BRDA:81,4,1,0
BRDA:81,4,2,0
BRDA:97,5,0,0
BRDA:97,5,1,1
BRF:13
BRH:2
end_of_record
TN:
SF:app\components\atoms\index.js
FNF:0
FNH:0
LF:0
LH:0
BRF:0
BRH:0
end_of_record
TN:
SF:app\components\atoms\standardImage\index.js
FN:10,(anonymous_0)
FNF:1
FNH:0
FNDA:0,(anonymous_0)
DA:10,0
DA:11,0
DA:12,0
LF:3
LH:0
BRDA:12,0,0,0
BRDA:12,0,1,0
BRF:2
BRH:0
end_of_record
TN:
SF:app\components\atoms\standardText\index.js
FN:14,(anonymous_0)
FNF:1
FNH:0
FNDA:0,(anonymous_0)
DA:14,0
DA:19,0
DA:21,0
DA:23,0
DA:24,0
DA:25,0
DA:27,0
DA:28,0
DA:33,0
DA:49,0
DA:52,0
DA:58,0
DA:68,0
LF:13
LH:0
BRDA:23,0,0,0
BRDA:23,0,1,0
BRDA:23,1,0,0
BRDA:23,1,1,0
BRDA:24,2,0,0
BRDA:24,2,1,0
BRDA:27,3,0,0
BRDA:27,3,1,0
BRDA:27,4,0,0
BRDA:27,4,1,0
BRDA:49,5,0,0
BRDA:49,5,1,0
BRF:12
BRH:0
end_of_record
TN:
SF:app\components\atoms\standardText\styles.js
FN:19,(anonymous_0)
FNF:1
FNH:0
FNDA:0,(anonymous_0)
DA:19,0
LF:1
LH:0
BRDA:20,0,0,0
BRDA:20,0,1,0
BRF:2
BRH:0
end_of_record
TN:
SF:app\components\molecules\index.js
FNF:0
FNH:0
LF:0
LH:0
BRF:0
BRH:0
end_of_record
TN:
SF:app\components\organisms\index.js
FNF:0
FNH:0
LF:0
LH:0
BRF:0
BRH:0
end_of_record
TN:
SF:app\components\pages\index.js
FNF:0
FNH:0
LF:0
LH:0
BRF:0
BRH:0
end_of_record
TN:
SF:app\components\pages\splashPage\index.component.js
FN:10,(anonymous_0)
FNF:1
FNH:0
FNDA:0,(anonymous_0)
DA:11,0
LF:1
LH:0
BRF:0
BRH:0
end_of_record
TN:
SF:app\components\templates\index.js
FNF:0
FNH:0
LF:0
LH:0
BRF:0
BRH:0
end_of_record
TN:
SF:app\mobx\models\customAmplifyStorage.js
FN:17,(anonymous_0)
FN:26,(anonymous_1)
FN:33,(anonymous_2)
FN:41,(anonymous_3)
FN:49,(anonymous_4)
FN:50,(anonymous_5)
FN:51,(anonymous_6)
FN:53,(anonymous_7)
FN:54,(anonymous_8)
FN:56,(anonymous_9)
FNF:10
FNH:0
FNDA:0,(anonymous_0)
FNDA:0,(anonymous_1)
FNDA:0,(anonymous_2)
FNDA:0,(anonymous_3)
FNDA:0,(anonymous_4)
FNDA:0,(anonymous_5)
FNDA:0,(anonymous_6)
FNDA:0,(anonymous_7)
FNDA:0,(anonymous_8)
FNDA:0,(anonymous_9)
DA:8,0
DA:9,0
DA:12,0
DA:18,0
DA:19,0
DA:20,0
DA:27,0
DA:34,0
DA:35,0
DA:42,0
DA:43,0
DA:50,0
DA:51,0
DA:52,0
DA:53,0
DA:54,0
DA:55,0
DA:56,0
DA:57,0
DA:58,0
DA:59,0
DA:60,0
DA:62,0
DA:67,0
LF:24
LH:0
BRDA:27,0,0,0
BRDA:27,0,1,0
BRDA:52,1,0,0
BRDA:52,1,1,0
BRDA:55,2,0,0
BRDA:55,2,1,0
BRF:6
BRH:0
end_of_record
TN:
SF:app\mobx\stores\index.js
FN:23,(anonymous_0)
FN:32,(anonymous_1)
FNF:2
FNH:1
FNDA:1,(anonymous_0)
FNDA:0,(anonymous_1)
DA:18,1
DA:24,1
DA:27,1
DA:28,1
DA:32,1
DA:33,0
DA:37,1
LF:7
LH:6
BRF:0
BRH:0
end_of_record
TN:
SF:app\mobx\stores\nav\index.js
FN:24,(anonymous_0)
FN:26,(anonymous_1)
FN:33,(anonymous_2)
FN:37,(anonymous_3)
FN:41,(anonymous_4)
FN:45,(anonymous_5)
FN:49,(anonymous_6)
FN:53,(anonymous_7)
FN:57,(anonymous_8)
FN:61,(anonymous_9)
FN:65,(anonymous_10)
FN:69,(anonymous_11)
FN:73,(anonymous_12)
FN:77,(anonymous_13)
FN:81,(anonymous_14)
FN:85,(anonymous_15)
FN:89,(anonymous_16)
FN:93,(anonymous_17)
FN:97,(anonymous_18)
FN:101,(anonymous_19)
FNF:20
FNH:0
FNDA:0,(anonymous_0)
FNDA:0,(anonymous_1)
FNDA:0,(anonymous_2)
FNDA:0,(anonymous_3)
FNDA:0,(anonymous_4)
FNDA:0,(anonymous_5)
FNDA:0,(anonymous_6)
FNDA:0,(anonymous_7)
FNDA:0,(anonymous_8)
FNDA:0,(anonymous_9)
FNDA:0,(anonymous_10)
FNDA:0,(anonymous_11)
FNDA:0,(anonymous_12)
FNDA:0,(anonymous_13)
FNDA:0,(anonymous_14)
FNDA:0,(anonymous_15)
FNDA:0,(anonymous_16)
FNDA:0,(anonymous_17)
FNDA:0,(anonymous_18)
FNDA:0,(anonymous_19)
DA:10,1
DA:12,1
DA:14,1
DA:16,1
DA:18,1
DA:20,1
DA:22,1
DA:25,0
DA:26,0
DA:27,0
DA:28,0
DA:30,0
DA:34,0
DA:38,0
DA:42,0
DA:46,0
DA:50,0
DA:54,0
DA:58,0
DA:62,0
DA:66,0
DA:70,0
DA:74,0
DA:78,0
DA:82,0
DA:86,0
DA:90,0
DA:94,0
DA:98,0
DA:102,0
LF:30
LH:7
BRDA:27,0,0,0
BRDA:27,0,1,0
BRF:2
BRH:0
end_of_record
TN:
SF:app\mobx\stores\settings\index.js
FN:29,(anonymous_0)
FN:33,(anonymous_1)
FN:37,(anonymous_2)
FN:41,(anonymous_3)
FN:45,(anonymous_4)
FN:49,(anonymous_5)
FN:53,(anonymous_6)
FN:57,(anonymous_7)
FN:61,(anonymous_8)
FN:65,(anonymous_9)
FN:69,(anonymous_10)
FN:73,(anonymous_11)
FN:78,(anonymous_12)
FN:82,(anonymous_13)
FN:86,(anonymous_14)
FN:90,(anonymous_15)
FN:94,(anonymous_16)
FN:98,(anonymous_17)
FNF:18
FNH:1
FNDA:0,(anonymous_0)
FNDA:0,(anonymous_1)
FNDA:0,(anonymous_2)
FNDA:0,(anonymous_3)
FNDA:0,(anonymous_4)
FNDA:0,(anonymous_5)
FNDA:0,(anonymous_6)
FNDA:0,(anonymous_7)
FNDA:0,(anonymous_8)
FNDA:0,(anonymous_9)
FNDA:0,(anonymous_10)
FNDA:2,(anonymous_11)
FNDA:0,(anonymous_12)
FNDA:0,(anonymous_13)
FNDA:0,(anonymous_14)
FNDA:0,(anonymous_15)
FNDA:0,(anonymous_16)
FNDA:0,(anonymous_17)
DA:11,1
DA:13,1
DA:15,1
DA:17,1
DA:19,1
DA:21,1
DA:23,1
DA:25,1
DA:27,1
DA:30,0
DA:34,0
DA:38,0
DA:42,0
DA:46,0
DA:50,0
DA:54,0
DA:58,0
DA:62,0
DA:66,0
DA:70,0
DA:74,2
DA:75,2
DA:79,0
DA:83,0
DA:87,0
DA:91,0
DA:95,0
DA:99,0
LF:28
LH:11
BRDA:34,0,0,0
BRDA:34,0,1,0
BRDA:38,1,0,0
BRDA:38,1,1,0
BRF:4
BRH:0
end_of_record
TN:
SF:app\mobx\utils\routes.js
FN:27,(anonymous_0)
FN:35,(anonymous_1)
FN:63,(anonymous_2)
FN:82,(anonymous_3)
FNF:4
FNH:0
FNDA:0,(anonymous_0)
FNDA:0,(anonymous_1)
FNDA:0,(anonymous_2)
FNDA:0,(anonymous_3)
DA:26,0
DA:27,0
DA:31,0
DA:35,0
DA:53,0
DA:58,0
DA:64,0
DA:68,0
DA:79,0
DA:80,0
DA:82,0
DA:83,0
DA:90,0
DA:91,0
DA:95,0
DA:98,0
LF:16
LH:0
BRDA:53,0,0,0
BRDA:53,0,1,0
BRDA:83,1,0,0
BRDA:83,1,1,0
BRDA:84,2,0,0
BRDA:84,2,1,0
BRDA:84,2,2,0
BRDA:84,2,3,0
BRDA:84,2,4,0
BRDA:84,2,5,0
BRDA:84,2,6,0
BRDA:91,3,0,0
BRDA:91,3,1,0
BRDA:92,4,0,0
BRDA:92,4,1,0
BRDA:92,4,2,0
BRF:16
BRH:0
end_of_record
TN:
SF:app\services\navigationService.js
FN:24,isAppInitiated
FN:28,storeUpdating
FN:33,storeUpdated
FN:39,allStoresRehydrated
FN:48,getAppState
FN:52,setTopLevelNavigator
FN:59,getNavigator
FN:63,getStores
FN:88,getDrawerPermissionFroScreen
FN:140,showHeaderContent
FN:206,navigateWithState
FN:225,navigate
FN:268,navigateDeepLink
FN:289,(anonymous_13)
FN:299,(anonymous_14)
FN:305,(anonymous_15)
FN:313,(anonymous_16)
FN:323,reset
FN:334,drawerOpenedState
FN:338,isDrawerOpened
FN:342,keyboardOpenedState
FN:346,isKeyboardOpened
FN:350,setScroll
FN:354,getScroller
FN:358,isConnected
FN:366,clearStoresAndlogout
FN:377,navigateExternalDeepLink
FN:379,(anonymous_27)
FN:380,(anonymous_28)
FN:384,navigateWebLink
FN:393,(anonymous_30)
FN:397,navigatingToExternalApp
FN:402,navigatedToExternalAppCompleted
FN:407,getCurrentRouteName
FN:411,checkDrawerPermissionForScreen
FNF:35
FNH:0
FNDA:0,isAppInitiated
FNDA:0,storeUpdating
FNDA:0,storeUpdated
FNDA:0,allStoresRehydrated
FNDA:0,getAppState
FNDA:0,setTopLevelNavigator
FNDA:0,getNavigator
FNDA:0,getStores
FNDA:0,getDrawerPermissionFroScreen
FNDA:0,showHeaderContent
FNDA:0,navigateWithState
FNDA:0,navigate
FNDA:0,navigateDeepLink
FNDA:0,(anonymous_13)
FNDA:0,(anonymous_14)
FNDA:0,(anonymous_15)
FNDA:0,(anonymous_16)
FNDA:0,reset
FNDA:0,drawerOpenedState
FNDA:0,isDrawerOpened
FNDA:0,keyboardOpenedState
FNDA:0,isKeyboardOpened
FNDA:0,setScroll
FNDA:0,getScroller
FNDA:0,isConnected
FNDA:0,clearStoresAndlogout
FNDA:0,navigateExternalDeepLink
FNDA:0,(anonymous_27)
FNDA:0,(anonymous_28)
FNDA:0,navigateWebLink
FNDA:0,(anonymous_30)
FNDA:0,navigatingToExternalApp
FNDA:0,navigatedToExternalAppCompleted
FNDA:0,getCurrentRouteName
FNDA:0,checkDrawerPermissionForScreen
DA:22,0
DA:25,0
DA:29,0
DA:30,0
DA:34,0
DA:35,0
DA:36,0
DA:40,0
DA:41,0
DA:42,0
DA:45,0
DA:49,0
DA:54,0
DA:55,0
DA:56,0
DA:60,0
DA:64,0
DA:89,0
DA:90,0
DA:92,0
DA:93,0
DA:96,0
DA:134,0
DA:136,0
DA:141,0
DA:148,0
DA:150,0
DA:207,0
DA:208,0
DA:210,0
DA:211,0
DA:212,0
DA:213,0
DA:214,0
DA:217,0
DA:226,0
DA:227,0
DA:228,0
DA:232,0
DA:233,0
DA:235,0
DA:236,0
DA:237,0
DA:238,0
DA:239,0
DA:242,0
DA:243,0
DA:245,0
DA:246,0
DA:247,0
DA:254,0
DA:255,0
DA:256,0
DA:261,0
DA:265,0
DA:269,0
DA:270,0
DA:271,0
DA:272,0
DA:273,0
DA:274,0
DA:275,0
DA:276,0
DA:278,0
DA:280,0
DA:281,0
DA:283,0
DA:285,0
DA:286,0
DA:287,0
DA:288,0
DA:290,0
DA:291,0
DA:292,0
DA:293,0
DA:294,0
DA:297,0
DA:298,0
DA:299,0
DA:300,0
DA:301,0
DA:305,0
DA:306,0
DA:307,0
DA:314,0
DA:315,0
DA:318,0
DA:319,0
DA:324,0
DA:325,0
DA:327,0
DA:331,0
DA:335,0
DA:339,0
DA:343,0
DA:347,0
DA:351,0
DA:355,0
DA:359,0
DA:360,0
DA:362,0
DA:363,0
DA:367,0
DA:368,0
DA:369,0
DA:370,0
DA:371,0
DA:378,0
DA:379,0
DA:380,0
DA:385,0
DA:386,0
DA:387,0
DA:388,0
DA:393,0
DA:398,0
DA:403,0
DA:408,0
DA:412,0
DA:413,0
DA:414,0
DA:416,0
DA:418,0
DA:421,0
LF:124
LH:0
BRDA:40,0,0,0
BRDA:40,0,1,0
BRDA:92,1,0,0
BRDA:92,1,1,0
BRDA:92,2,0,0
BRDA:92,2,1,0
BRDA:96,3,0,0
BRDA:96,3,1,0
BRDA:96,3,2,0
BRDA:96,3,3,0
BRDA:96,3,4,0
BRDA:96,3,5,0
BRDA:96,3,6,0
BRDA:96,3,7,0
BRDA:96,3,8,0
BRDA:96,3,9,0
BRDA:96,3,10,0
BRDA:96,3,11,0
BRDA:96,3,12,0
BRDA:96,3,13,0
BRDA:96,3,14,0
BRDA:96,3,15,0
BRDA:96,3,16,0
BRDA:96,3,17,0
BRDA:96,3,18,0
BRDA:96,3,19,0
BRDA:96,3,20,0
BRDA:96,3,21,0
BRDA:96,3,22,0
BRDA:96,3,23,0
BRDA:96,3,24,0
BRDA:96,3,25,0
BRDA:96,3,26,0
BRDA:96,3,27,0
BRDA:96,3,28,0
BRDA:96,3,29,0
BRDA:96,3,30,0
BRDA:96,3,31,0
BRDA:96,3,32,0
BRDA:96,3,33,0
BRDA:96,3,34,0
BRDA:96,3,35,0
BRDA:96,3,36,0
BRDA:96,3,37,0
BRDA:141,4,0,0
BRDA:141,4,1,0
BRDA:141,4,2,0
BRDA:141,4,3,0
BRDA:141,4,4,0
BRDA:141,4,5,0
BRDA:141,4,6,0
BRDA:210,5,0,0
BRDA:210,5,1,0
BRDA:213,6,0,0
BRDA:213,6,1,0
BRDA:225,7,0,0
BRDA:235,8,0,0
BRDA:235,8,1,0
BRDA:238,9,0,0
BRDA:238,9,1,0
BRDA:245,10,0,0
BRDA:245,10,1,0
BRDA:245,11,0,0
BRDA:245,11,1,0
BRDA:254,12,0,0
BRDA:254,12,1,0
BRDA:254,13,0,0
BRDA:254,13,1,0
BRDA:268,14,0,0
BRDA:278,15,0,0
BRDA:278,15,1,0
BRDA:280,16,0,0
BRDA:280,16,1,0
BRDA:290,17,0,0
BRDA:290,17,1,0
BRDA:292,18,0,0
BRDA:292,18,1,0
BRDA:297,19,0,0
BRDA:297,19,1,0
BRDA:359,20,0,0
BRDA:359,20,1,0
BRDA:378,21,0,0
BRDA:378,21,1,0
BRDA:378,22,0,0
BRDA:378,22,1,0
BRDA:380,23,0,0
BRDA:380,23,1,0
BRDA:386,24,0,0
BRDA:386,24,1,0
BRDA:386,25,0,0
BRDA:386,25,1,0
BRDA:387,26,0,0
BRDA:387,26,1,0
BRDA:412,27,0,0
BRDA:412,27,1,0
BRDA:413,28,0,0
BRDA:413,28,1,0
BRDA:414,29,0,0
BRDA:414,29,1,0
BRDA:414,30,0,0
BRDA:414,30,1,0
BRDA:416,31,0,0
BRDA:416,31,1,0
BRF:103
BRH:0
end_of_record
TN:
SF:app\services\securityService.js
FNF:0
FNH:0
LF:0
LH:0
BRF:0
BRH:0
end_of_record
TN:
SF:app\theme\index.js
FNF:0
FNH:0
LF:0
LH:0
BRF:0
BRH:0
end_of_record
TN:
SF:app\theme\colours\commonColors.js
FNF:0
FNH:0
DA:8,0
DA:9,0
DA:10,0
DA:12,0
DA:13,0
DA:14,0
DA:15,0
DA:16,0
DA:17,0
DA:18,0
DA:19,0
DA:20,0
DA:21,0
DA:22,0
DA:23,0
DA:24,0
DA:25,0
DA:27,0
LF:18
LH:0
BRF:0
BRH:0
end_of_record
TN:
SF:app\theme\colours\index.js
FNF:0
FNH:0
LF:0
LH:0
BRF:0
BRH:0
end_of_record
TN:
SF:app\theme\styles\commonStyles.js
FNF:0
FNH:0
LF:0
LH:0
BRDA:18,0,0,0
BRDA:18,0,1,0
BRDA:45,1,0,0
BRDA:45,1,1,0
BRF:4
BRH:0
end_of_record
TN:
SF:app\utilities\bgMessaging.js
FN:6,(anonymous_0)
FNF:1
FNH:0
FNDA:0,(anonymous_0)
DA:6,0
LF:1
LH:0
BRF:0
BRH:0
end_of_record
TN:
SF:app\utilities\helper.js
FNF:0
FNH:0
LF:0
LH:0
BRF:0
BRH:0
end_of_record
TN:
SF:app\utilities\logger.js
FNF:0
FNH:0
DA:8,1
LF:1
LH:1
BRF:0
BRH:0
end_of_record
TN:
SF:app\utilities\constants\constants.js
FNF:0
FNH:0
DA:1,1
DA:3,1
DA:12,1
DA:18,1
DA:20,1
DA:21,1
LF:6
LH:6
BRF:0
BRH:0
end_of_record
